15:25:19.255 [main] INFO  com.bmw.seed.SeedApplication - Starting SeedApplication on LAPTOP-E6B2N0T6 with PID 20228 (E:\yuxc\xyz\bimowu-Study\tablemigration\target\classes started by yuxc in E:\yuxc\xyz\bimowu-Study)
15:25:19.266 [main] INFO  com.bmw.seed.SeedApplication - No active profile set, falling back to default profiles: default
15:25:20.114 [main] INFO  org.apache.coyote.http11.Http11NioProtocol - Initializing ProtocolHandler ["http-nio-80"]
15:25:20.120 [main] INFO  org.apache.catalina.core.StandardService - Starting service [Tomcat]
15:25:20.121 [main] INFO  org.apache.catalina.core.StandardEngine - Starting Servlet engine: [Apache Tomcat/9.0.21]
15:25:20.202 [main] INFO  org.apache.catalina.core.ContainerBase.[Tomcat].[localhost].[/] - Initializing Spring embedded WebApplicationContext
15:25:21.015 [main] INFO  org.apache.coyote.http11.Http11NioProtocol - Starting ProtocolHandler ["http-nio-80"]
15:25:21.032 [main] INFO  com.bmw.seed.SeedApplication - Started SeedApplication in 2.199 seconds (JVM running for 2.989)
15:25:37.697 [http-nio-80-exec-1] INFO  org.apache.catalina.core.ContainerBase.[Tomcat].[localhost].[/] - Initializing Spring DispatcherServlet 'dispatcherServlet'
15:39:38.774 [main] INFO  com.bmw.seed.SeedApplication - Starting SeedApplication on LAPTOP-E6B2N0T6 with PID 18804 (E:\yuxc\xyz\bimowu-Study\tablemigration\target\classes started by yuxc in E:\yuxc\xyz\bimowu-Study)
15:39:38.779 [main] INFO  com.bmw.seed.SeedApplication - No active profile set, falling back to default profiles: default
15:39:39.623 [main] INFO  org.apache.coyote.http11.Http11NioProtocol - Initializing ProtocolHandler ["http-nio-80"]
15:39:39.629 [main] INFO  org.apache.catalina.core.StandardService - Starting service [Tomcat]
15:39:39.630 [main] INFO  org.apache.catalina.core.StandardEngine - Starting Servlet engine: [Apache Tomcat/9.0.21]
15:39:39.723 [main] INFO  org.apache.catalina.core.ContainerBase.[Tomcat].[localhost].[/] - Initializing Spring embedded WebApplicationContext
15:39:40.513 [main] INFO  org.apache.coyote.http11.Http11NioProtocol - Starting ProtocolHandler ["http-nio-80"]
15:39:40.530 [main] INFO  com.bmw.seed.SeedApplication - Started SeedApplication in 2.166 seconds (JVM running for 2.941)
15:39:54.193 [http-nio-80-exec-1] INFO  org.apache.catalina.core.ContainerBase.[Tomcat].[localhost].[/] - Initializing Spring DispatcherServlet 'dispatcherServlet'
15:40:21.459 [main] INFO  com.bmw.seed.SeedApplication - Starting SeedApplication on LAPTOP-E6B2N0T6 with PID 15880 (E:\yuxc\xyz\bimowu-Study\tablemigration\target\classes started by yuxc in E:\yuxc\xyz\bimowu-Study)
15:40:21.465 [main] INFO  com.bmw.seed.SeedApplication - No active profile set, falling back to default profiles: default
15:40:22.393 [main] INFO  org.apache.coyote.http11.Http11NioProtocol - Initializing ProtocolHandler ["http-nio-80"]
15:40:22.399 [main] INFO  org.apache.catalina.core.StandardService - Starting service [Tomcat]
15:40:22.399 [main] INFO  org.apache.catalina.core.StandardEngine - Starting Servlet engine: [Apache Tomcat/9.0.21]
15:40:22.480 [main] INFO  org.apache.catalina.core.ContainerBase.[Tomcat].[localhost].[/] - Initializing Spring embedded WebApplicationContext
15:40:23.274 [main] INFO  org.apache.coyote.http11.Http11NioProtocol - Starting ProtocolHandler ["http-nio-80"]
15:40:23.292 [main] INFO  com.bmw.seed.SeedApplication - Started SeedApplication in 2.3 seconds (JVM running for 3.087)
15:40:27.656 [http-nio-80-exec-1] INFO  org.apache.catalina.core.ContainerBase.[Tomcat].[localhost].[/] - Initializing Spring DispatcherServlet 'dispatcherServlet'
15:41:30.230 [main] INFO  com.bmw.seed.SeedApplication - Starting SeedApplication on LAPTOP-E6B2N0T6 with PID 14228 (E:\yuxc\xyz\bimowu-Study\tablemigration\target\classes started by yuxc in E:\yuxc\xyz\bimowu-Study)
15:41:30.235 [main] INFO  com.bmw.seed.SeedApplication - No active profile set, falling back to default profiles: default
15:41:31.098 [main] INFO  org.apache.coyote.http11.Http11NioProtocol - Initializing ProtocolHandler ["http-nio-80"]
15:41:31.104 [main] INFO  org.apache.catalina.core.StandardService - Starting service [Tomcat]
15:41:31.104 [main] INFO  org.apache.catalina.core.StandardEngine - Starting Servlet engine: [Apache Tomcat/9.0.21]
15:41:31.198 [main] INFO  org.apache.catalina.core.ContainerBase.[Tomcat].[localhost].[/] - Initializing Spring embedded WebApplicationContext
15:41:31.988 [main] INFO  org.apache.coyote.http11.Http11NioProtocol - Starting ProtocolHandler ["http-nio-80"]
15:41:32.004 [main] INFO  com.bmw.seed.SeedApplication - Started SeedApplication in 2.17 seconds (JVM running for 2.985)
15:41:37.908 [http-nio-80-exec-1] INFO  org.apache.catalina.core.ContainerBase.[Tomcat].[localhost].[/] - Initializing Spring DispatcherServlet 'dispatcherServlet'
15:42:03.321 [main] INFO  com.bmw.seed.SeedApplication - Starting SeedApplication on LAPTOP-E6B2N0T6 with PID 4048 (E:\yuxc\xyz\bimowu-Study\tablemigration\target\classes started by yuxc in E:\yuxc\xyz\bimowu-Study)
15:42:03.329 [main] INFO  com.bmw.seed.SeedApplication - No active profile set, falling back to default profiles: default
15:42:04.215 [main] INFO  org.apache.coyote.http11.Http11NioProtocol - Initializing ProtocolHandler ["http-nio-80"]
15:42:04.222 [main] INFO  org.apache.catalina.core.StandardService - Starting service [Tomcat]
15:42:04.222 [main] INFO  org.apache.catalina.core.StandardEngine - Starting Servlet engine: [Apache Tomcat/9.0.21]
15:42:04.319 [main] INFO  org.apache.catalina.core.ContainerBase.[Tomcat].[localhost].[/] - Initializing Spring embedded WebApplicationContext
15:42:05.131 [main] INFO  org.apache.coyote.http11.Http11NioProtocol - Starting ProtocolHandler ["http-nio-80"]
15:42:05.147 [main] INFO  com.bmw.seed.SeedApplication - Started SeedApplication in 2.244 seconds (JVM running for 3.049)
15:42:11.393 [http-nio-80-exec-1] INFO  org.apache.catalina.core.ContainerBase.[Tomcat].[localhost].[/] - Initializing Spring DispatcherServlet 'dispatcherServlet'
15:43:59.010 [http-nio-80-exec-5] INFO  com.alibaba.druid.pool.DruidDataSource - {dataSource-1} inited
15:44:21.510 [main] INFO  com.bmw.seed.SeedApplication - Starting SeedApplication on LAPTOP-E6B2N0T6 with PID 12284 (E:\yuxc\xyz\bimowu-Study\tablemigration\target\classes started by yuxc in E:\yuxc\xyz\bimowu-Study)
15:44:21.516 [main] INFO  com.bmw.seed.SeedApplication - No active profile set, falling back to default profiles: default
15:44:22.492 [main] INFO  org.apache.coyote.http11.Http11NioProtocol - Initializing ProtocolHandler ["http-nio-80"]
15:44:22.500 [main] INFO  org.apache.catalina.core.StandardService - Starting service [Tomcat]
15:44:22.500 [main] INFO  org.apache.catalina.core.StandardEngine - Starting Servlet engine: [Apache Tomcat/9.0.21]
15:44:22.584 [main] INFO  org.apache.catalina.core.ContainerBase.[Tomcat].[localhost].[/] - Initializing Spring embedded WebApplicationContext
15:44:23.406 [main] INFO  org.apache.coyote.http11.Http11NioProtocol - Starting ProtocolHandler ["http-nio-80"]
15:44:23.422 [main] INFO  com.bmw.seed.SeedApplication - Started SeedApplication in 2.35 seconds (JVM running for 3.145)
17:20:45.484 [http-nio-80-exec-8] INFO  org.apache.catalina.core.ContainerBase.[Tomcat].[localhost].[/] - Initializing Spring DispatcherServlet 'dispatcherServlet'
17:21:02.371 [main] INFO  com.bmw.seed.SeedApplication - Starting SeedApplication on LAPTOP-E6B2N0T6 with PID 22340 (E:\yuxc\xyz\bimowu-Study\tablemigration\target\classes started by yuxc in E:\yuxc\xyz\bimowu-Study)
17:21:02.378 [main] INFO  com.bmw.seed.SeedApplication - No active profile set, falling back to default profiles: default
17:21:03.313 [main] INFO  org.apache.coyote.http11.Http11NioProtocol - Initializing ProtocolHandler ["http-nio-80"]
17:21:03.321 [main] INFO  org.apache.catalina.core.StandardService - Starting service [Tomcat]
17:21:03.321 [main] INFO  org.apache.catalina.core.StandardEngine - Starting Servlet engine: [Apache Tomcat/9.0.21]
17:21:03.415 [main] INFO  org.apache.catalina.core.ContainerBase.[Tomcat].[localhost].[/] - Initializing Spring embedded WebApplicationContext
17:21:03.668 [main] INFO  com.alibaba.druid.pool.DruidDataSource - {dataSource-0} closing ...
17:21:03.670 [main] INFO  org.apache.catalina.core.StandardService - Stopping service [Tomcat]
17:22:18.583 [main] INFO  com.bmw.seed.SeedApplication - Starting SeedApplication on LAPTOP-E6B2N0T6 with PID 7848 (E:\yuxc\xyz\bimowu-Study\tablemigration\target\classes started by yuxc in E:\yuxc\xyz\bimowu-Study)
17:22:18.590 [main] INFO  com.bmw.seed.SeedApplication - No active profile set, falling back to default profiles: default
17:22:19.441 [main] INFO  org.apache.coyote.http11.Http11NioProtocol - Initializing ProtocolHandler ["http-nio-80"]
17:22:19.448 [main] INFO  org.apache.catalina.core.StandardService - Starting service [Tomcat]
17:22:19.448 [main] INFO  org.apache.catalina.core.StandardEngine - Starting Servlet engine: [Apache Tomcat/9.0.21]
17:22:19.559 [main] INFO  org.apache.catalina.core.ContainerBase.[Tomcat].[localhost].[/] - Initializing Spring embedded WebApplicationContext
17:22:20.439 [main] INFO  org.apache.coyote.http11.Http11NioProtocol - Starting ProtocolHandler ["http-nio-80"]
17:22:20.456 [main] INFO  com.bmw.seed.SeedApplication - Started SeedApplication in 2.297 seconds (JVM running for 3.057)
17:22:26.582 [http-nio-80-exec-5] INFO  org.apache.catalina.core.ContainerBase.[Tomcat].[localhost].[/] - Initializing Spring DispatcherServlet 'dispatcherServlet'
17:22:26.686 [http-nio-80-exec-5] ERROR org.apache.catalina.core.ContainerBase.[Tomcat].[localhost].[/].[dispatcherServlet] - Servlet.service() for servlet [dispatcherServlet] in context with path [] threw exception [Request processing failed; nested exception is org.apache.ibatis.binding.BindingException: Invalid bound statement (not found): com.bmw.seed.dao.UserInfoDao.cursorPage] with root cause
org.apache.ibatis.binding.BindingException: Invalid bound statement (not found): com.bmw.seed.dao.UserInfoDao.cursorPage
	at org.apache.ibatis.binding.MapperMethod$SqlCommand.<init>(MapperMethod.java:227) ~[mybatis-3.4.6.jar:3.4.6]
	at org.apache.ibatis.binding.MapperMethod.<init>(MapperMethod.java:49) ~[mybatis-3.4.6.jar:3.4.6]
	at org.apache.ibatis.binding.MapperProxy.cachedMapperMethod(MapperProxy.java:65) ~[mybatis-3.4.6.jar:3.4.6]
	at org.apache.ibatis.binding.MapperProxy.invoke(MapperProxy.java:58) ~[mybatis-3.4.6.jar:3.4.6]
	at com.sun.proxy.$Proxy85.cursorPage(Unknown Source) ~[?:?]
	at sun.reflect.NativeMethodAccessorImpl.invoke0(Native Method) ~[?:1.8.0_261]
	at sun.reflect.NativeMethodAccessorImpl.invoke(NativeMethodAccessorImpl.java:62) ~[?:1.8.0_261]
	at sun.reflect.DelegatingMethodAccessorImpl.invoke(DelegatingMethodAccessorImpl.java:43) ~[?:1.8.0_261]
	at java.lang.reflect.Method.invoke(Method.java:498) ~[?:1.8.0_261]
	at org.springframework.aop.support.AopUtils.invokeJoinpointUsingReflection(AopUtils.java:343) ~[spring-aop-5.1.8.RELEASE.jar:5.1.8.RELEASE]
	at org.springframework.aop.framework.ReflectiveMethodInvocation.invokeJoinpoint(ReflectiveMethodInvocation.java:198) ~[spring-aop-5.1.8.RELEASE.jar:5.1.8.RELEASE]
	at org.springframework.aop.framework.ReflectiveMethodInvocation.proceed(ReflectiveMethodInvocation.java:163) ~[spring-aop-5.1.8.RELEASE.jar:5.1.8.RELEASE]
	at org.springframework.dao.support.PersistenceExceptionTranslationInterceptor.invoke(PersistenceExceptionTranslationInterceptor.java:139) ~[spring-tx-5.1.8.RELEASE.jar:5.1.8.RELEASE]
	at org.springframework.aop.framework.ReflectiveMethodInvocation.proceed(ReflectiveMethodInvocation.java:186) ~[spring-aop-5.1.8.RELEASE.jar:5.1.8.RELEASE]
	at org.springframework.aop.framework.JdkDynamicAopProxy.invoke(JdkDynamicAopProxy.java:212) ~[spring-aop-5.1.8.RELEASE.jar:5.1.8.RELEASE]
	at com.sun.proxy.$Proxy86.cursorPage(Unknown Source) ~[?:?]
	at com.bmw.seed.service.impl.UserInfoServiceImpl.cursorPage(UserInfoServiceImpl.java:98) ~[classes/:?]
	at com.bmw.seed.controller.UserInfoController.cursorPage(UserInfoController.java:37) ~[classes/:?]
	at sun.reflect.NativeMethodAccessorImpl.invoke0(Native Method) ~[?:1.8.0_261]
	at sun.reflect.NativeMethodAccessorImpl.invoke(NativeMethodAccessorImpl.java:62) ~[?:1.8.0_261]
	at sun.reflect.DelegatingMethodAccessorImpl.invoke(DelegatingMethodAccessorImpl.java:43) ~[?:1.8.0_261]
	at java.lang.reflect.Method.invoke(Method.java:498) ~[?:1.8.0_261]
	at org.springframework.web.method.support.InvocableHandlerMethod.doInvoke(InvocableHandlerMethod.java:190) ~[spring-web-5.1.8.RELEASE.jar:5.1.8.RELEASE]
	at org.springframework.web.method.support.InvocableHandlerMethod.invokeForRequest(InvocableHandlerMethod.java:138) ~[spring-web-5.1.8.RELEASE.jar:5.1.8.RELEASE]
	at org.springframework.web.servlet.mvc.method.annotation.ServletInvocableHandlerMethod.invokeAndHandle(ServletInvocableHandlerMethod.java:104) ~[spring-webmvc-5.1.8.RELEASE.jar:5.1.8.RELEASE]
	at org.springframework.web.servlet.mvc.method.annotation.RequestMappingHandlerAdapter.invokeHandlerMethod(RequestMappingHandlerAdapter.java:892) ~[spring-webmvc-5.1.8.RELEASE.jar:5.1.8.RELEASE]
	at org.springframework.web.servlet.mvc.method.annotation.RequestMappingHandlerAdapter.handleInternal(RequestMappingHandlerAdapter.java:797) ~[spring-webmvc-5.1.8.RELEASE.jar:5.1.8.RELEASE]
	at org.springframework.web.servlet.mvc.method.AbstractHandlerMethodAdapter.handle(AbstractHandlerMethodAdapter.java:87) ~[spring-webmvc-5.1.8.RELEASE.jar:5.1.8.RELEASE]
	at org.springframework.web.servlet.DispatcherServlet.doDispatch(DispatcherServlet.java:1039) ~[spring-webmvc-5.1.8.RELEASE.jar:5.1.8.RELEASE]
	at org.springframework.web.servlet.DispatcherServlet.doService(DispatcherServlet.java:942) ~[spring-webmvc-5.1.8.RELEASE.jar:5.1.8.RELEASE]
	at org.springframework.web.servlet.FrameworkServlet.processRequest(FrameworkServlet.java:1005) ~[spring-webmvc-5.1.8.RELEASE.jar:5.1.8.RELEASE]
	at org.springframework.web.servlet.FrameworkServlet.doPost(FrameworkServlet.java:908) ~[spring-webmvc-5.1.8.RELEASE.jar:5.1.8.RELEASE]
	at javax.servlet.http.HttpServlet.service(HttpServlet.java:660) ~[tomcat-embed-core-9.0.21.jar:9.0.21]
	at org.springframework.web.servlet.FrameworkServlet.service(FrameworkServlet.java:882) ~[spring-webmvc-5.1.8.RELEASE.jar:5.1.8.RELEASE]
	at javax.servlet.http.HttpServlet.service(HttpServlet.java:741) ~[tomcat-embed-core-9.0.21.jar:9.0.21]
	at org.apache.catalina.core.ApplicationFilterChain.internalDoFilter(ApplicationFilterChain.java:231) ~[tomcat-embed-core-9.0.21.jar:9.0.21]
	at org.apache.catalina.core.ApplicationFilterChain.doFilter(ApplicationFilterChain.java:166) ~[tomcat-embed-core-9.0.21.jar:9.0.21]
	at org.apache.tomcat.websocket.server.WsFilter.doFilter(WsFilter.java:53) ~[tomcat-embed-websocket-9.0.21.jar:9.0.21]
	at org.apache.catalina.core.ApplicationFilterChain.internalDoFilter(ApplicationFilterChain.java:193) ~[tomcat-embed-core-9.0.21.jar:9.0.21]
	at org.apache.catalina.core.ApplicationFilterChain.doFilter(ApplicationFilterChain.java:166) ~[tomcat-embed-core-9.0.21.jar:9.0.21]
	at org.springframework.web.filter.RequestContextFilter.doFilterInternal(RequestContextFilter.java:99) ~[spring-web-5.1.8.RELEASE.jar:5.1.8.RELEASE]
	at org.springframework.web.filter.OncePerRequestFilter.doFilter(OncePerRequestFilter.java:109) ~[spring-web-5.1.8.RELEASE.jar:5.1.8.RELEASE]
	at org.apache.catalina.core.ApplicationFilterChain.internalDoFilter(ApplicationFilterChain.java:193) ~[tomcat-embed-core-9.0.21.jar:9.0.21]
	at org.apache.catalina.core.ApplicationFilterChain.doFilter(ApplicationFilterChain.java:166) ~[tomcat-embed-core-9.0.21.jar:9.0.21]
	at org.springframework.web.filter.FormContentFilter.doFilterInternal(FormContentFilter.java:92) ~[spring-web-5.1.8.RELEASE.jar:5.1.8.RELEASE]
	at org.springframework.web.filter.OncePerRequestFilter.doFilter(OncePerRequestFilter.java:109) ~[spring-web-5.1.8.RELEASE.jar:5.1.8.RELEASE]
	at org.apache.catalina.core.ApplicationFilterChain.internalDoFilter(ApplicationFilterChain.java:193) ~[tomcat-embed-core-9.0.21.jar:9.0.21]
	at org.apache.catalina.core.ApplicationFilterChain.doFilter(ApplicationFilterChain.java:166) ~[tomcat-embed-core-9.0.21.jar:9.0.21]
	at org.springframework.web.filter.HiddenHttpMethodFilter.doFilterInternal(HiddenHttpMethodFilter.java:93) ~[spring-web-5.1.8.RELEASE.jar:5.1.8.RELEASE]
	at org.springframework.web.filter.OncePerRequestFilter.doFilter(OncePerRequestFilter.java:109) ~[spring-web-5.1.8.RELEASE.jar:5.1.8.RELEASE]
	at org.apache.catalina.core.ApplicationFilterChain.internalDoFilter(ApplicationFilterChain.java:193) ~[tomcat-embed-core-9.0.21.jar:9.0.21]
	at org.apache.catalina.core.ApplicationFilterChain.doFilter(ApplicationFilterChain.java:166) ~[tomcat-embed-core-9.0.21.jar:9.0.21]
	at org.springframework.web.filter.CharacterEncodingFilter.doFilterInternal(CharacterEncodingFilter.java:200) ~[spring-web-5.1.8.RELEASE.jar:5.1.8.RELEASE]
	at org.springframework.web.filter.OncePerRequestFilter.doFilter(OncePerRequestFilter.java:109) ~[spring-web-5.1.8.RELEASE.jar:5.1.8.RELEASE]
	at org.apache.catalina.core.ApplicationFilterChain.internalDoFilter(ApplicationFilterChain.java:193) ~[tomcat-embed-core-9.0.21.jar:9.0.21]
	at org.apache.catalina.core.ApplicationFilterChain.doFilter(ApplicationFilterChain.java:166) ~[tomcat-embed-core-9.0.21.jar:9.0.21]
	at org.apache.catalina.core.StandardWrapperValve.invoke(StandardWrapperValve.java:202) [tomcat-embed-core-9.0.21.jar:9.0.21]
	at org.apache.catalina.core.StandardContextValve.invoke(StandardContextValve.java:96) [tomcat-embed-core-9.0.21.jar:9.0.21]
	at org.apache.catalina.authenticator.AuthenticatorBase.invoke(AuthenticatorBase.java:490) [tomcat-embed-core-9.0.21.jar:9.0.21]
	at org.apache.catalina.core.StandardHostValve.invoke(StandardHostValve.java:139) [tomcat-embed-core-9.0.21.jar:9.0.21]
	at org.apache.catalina.valves.ErrorReportValve.invoke(ErrorReportValve.java:92) [tomcat-embed-core-9.0.21.jar:9.0.21]
	at org.apache.catalina.core.StandardEngineValve.invoke(StandardEngineValve.java:74) [tomcat-embed-core-9.0.21.jar:9.0.21]
	at org.apache.catalina.connector.CoyoteAdapter.service(CoyoteAdapter.java:343) [tomcat-embed-core-9.0.21.jar:9.0.21]
	at org.apache.coyote.http11.Http11Processor.service(Http11Processor.java:408) [tomcat-embed-core-9.0.21.jar:9.0.21]
	at org.apache.coyote.AbstractProcessorLight.process(AbstractProcessorLight.java:66) [tomcat-embed-core-9.0.21.jar:9.0.21]
	at org.apache.coyote.AbstractProtocol$ConnectionHandler.process(AbstractProtocol.java:853) [tomcat-embed-core-9.0.21.jar:9.0.21]
	at org.apache.tomcat.util.net.NioEndpoint$SocketProcessor.doRun(NioEndpoint.java:1587) [tomcat-embed-core-9.0.21.jar:9.0.21]
	at org.apache.tomcat.util.net.SocketProcessorBase.run(SocketProcessorBase.java:49) [tomcat-embed-core-9.0.21.jar:9.0.21]
	at java.util.concurrent.ThreadPoolExecutor.runWorker(ThreadPoolExecutor.java:1149) [?:1.8.0_261]
	at java.util.concurrent.ThreadPoolExecutor$Worker.run(ThreadPoolExecutor.java:624) [?:1.8.0_261]
	at org.apache.tomcat.util.threads.TaskThread$WrappingRunnable.run(TaskThread.java:61) [tomcat-embed-core-9.0.21.jar:9.0.21]
	at java.lang.Thread.run(Thread.java:748) [?:1.8.0_261]
17:23:29.955 [main] INFO  com.bmw.seed.SeedApplication - Starting SeedApplication on LAPTOP-E6B2N0T6 with PID 17520 (E:\yuxc\xyz\bimowu-Study\tablemigration\target\classes started by yuxc in E:\yuxc\xyz\bimowu-Study)
17:23:29.960 [main] INFO  com.bmw.seed.SeedApplication - No active profile set, falling back to default profiles: default
17:23:30.808 [main] INFO  org.apache.coyote.http11.Http11NioProtocol - Initializing ProtocolHandler ["http-nio-80"]
17:23:30.814 [main] INFO  org.apache.catalina.core.StandardService - Starting service [Tomcat]
17:23:30.815 [main] INFO  org.apache.catalina.core.StandardEngine - Starting Servlet engine: [Apache Tomcat/9.0.21]
17:23:30.913 [main] INFO  org.apache.catalina.core.ContainerBase.[Tomcat].[localhost].[/] - Initializing Spring embedded WebApplicationContext
17:23:31.706 [main] INFO  org.apache.coyote.http11.Http11NioProtocol - Starting ProtocolHandler ["http-nio-80"]
17:23:31.722 [main] INFO  com.bmw.seed.SeedApplication - Started SeedApplication in 2.174 seconds (JVM running for 2.914)
17:23:38.271 [http-nio-80-exec-2] INFO  org.apache.catalina.core.ContainerBase.[Tomcat].[localhost].[/] - Initializing Spring DispatcherServlet 'dispatcherServlet'
17:23:38.429 [http-nio-80-exec-2] INFO  com.alibaba.druid.pool.DruidDataSource - {dataSource-1} inited
17:27:21.938 [main] INFO  com.bmw.seed.SeedApplication - Starting SeedApplication on LAPTOP-E6B2N0T6 with PID 16420 (E:\yuxc\xyz\bimowu-Study\tablemigration\target\classes started by yuxc in E:\yuxc\xyz\bimowu-Study)
17:27:21.943 [main] INFO  com.bmw.seed.SeedApplication - No active profile set, falling back to default profiles: default
17:27:22.786 [main] INFO  org.apache.coyote.http11.Http11NioProtocol - Initializing ProtocolHandler ["http-nio-80"]
17:27:22.792 [main] INFO  org.apache.catalina.core.StandardService - Starting service [Tomcat]
17:27:22.793 [main] INFO  org.apache.catalina.core.StandardEngine - Starting Servlet engine: [Apache Tomcat/9.0.21]
17:27:22.885 [main] INFO  org.apache.catalina.core.ContainerBase.[Tomcat].[localhost].[/] - Initializing Spring embedded WebApplicationContext
17:27:23.675 [main] INFO  org.apache.coyote.http11.Http11NioProtocol - Starting ProtocolHandler ["http-nio-80"]
17:27:23.691 [main] INFO  com.bmw.seed.SeedApplication - Started SeedApplication in 2.167 seconds (JVM running for 2.968)
17:27:34.271 [http-nio-80-exec-1] INFO  org.apache.catalina.core.ContainerBase.[Tomcat].[localhost].[/] - Initializing Spring DispatcherServlet 'dispatcherServlet'
17:27:34.426 [http-nio-80-exec-1] INFO  com.alibaba.druid.pool.DruidDataSource - {dataSource-1} inited
17:27:34.531 [http-nio-80-exec-1] INFO  com.bmw.seed.service.impl.UserInfoServiceImpl - []
17:29:41.824 [main] INFO  com.bmw.seed.SeedApplication - Starting SeedApplication on LAPTOP-E6B2N0T6 with PID 23252 (E:\yuxc\xyz\bimowu-Study\tablemigration\target\classes started by yuxc in E:\yuxc\xyz\bimowu-Study)
17:29:41.829 [main] INFO  com.bmw.seed.SeedApplication - No active profile set, falling back to default profiles: default
17:29:42.773 [main] INFO  org.apache.coyote.http11.Http11NioProtocol - Initializing ProtocolHandler ["http-nio-80"]
17:29:42.779 [main] INFO  org.apache.catalina.core.StandardService - Starting service [Tomcat]
17:29:42.780 [main] INFO  org.apache.catalina.core.StandardEngine - Starting Servlet engine: [Apache Tomcat/9.0.21]
17:29:42.881 [main] INFO  org.apache.catalina.core.ContainerBase.[Tomcat].[localhost].[/] - Initializing Spring embedded WebApplicationContext
17:29:43.717 [main] INFO  org.apache.coyote.http11.Http11NioProtocol - Starting ProtocolHandler ["http-nio-80"]
17:29:43.733 [main] INFO  com.bmw.seed.SeedApplication - Started SeedApplication in 2.371 seconds (JVM running for 3.261)
17:30:13.312 [http-nio-80-exec-4] INFO  org.apache.catalina.core.ContainerBase.[Tomcat].[localhost].[/] - Initializing Spring DispatcherServlet 'dispatcherServlet'
17:30:13.462 [http-nio-80-exec-4] INFO  com.alibaba.druid.pool.DruidDataSource - {dataSource-1} inited
17:30:13.568 [http-nio-80-exec-4] INFO  com.bmw.seed.service.impl.UserInfoServiceImpl - [UserInfo{id=1, name='机器人1号', sex=2, phone='18698291131', create_time='2017-04-15 00:00:00'}, UserInfo{id=2, name='机器人2号', sex=1, phone='18698291132', create_time='2017-04-10 00:00:00'}]
17:31:15.747 [http-nio-80-exec-9] INFO  com.bmw.seed.service.impl.UserInfoServiceImpl - [UserInfo{id=1, name='机器人1号', sex=2, phone='18698291131', create_time='2017-04-15 00:00:00'}, UserInfo{id=2, name='机器人2号', sex=1, phone='18698291132', create_time='2017-04-10 00:00:00'}]
17:31:20.119 [http-nio-80-exec-6] INFO  com.bmw.seed.service.impl.UserInfoServiceImpl - [UserInfo{id=1, name='机器人1号', sex=2, phone='18698291131', create_time='2017-04-15 00:00:00'}, UserInfo{id=2, name='机器人2号', sex=1, phone='18698291132', create_time='2017-04-10 00:00:00'}]
17:33:59.845 [main] INFO  com.bmw.seed.SeedApplication - Starting SeedApplication on LAPTOP-E6B2N0T6 with PID 2072 (E:\yuxc\xyz\bimowu-Study\tablemigration\target\classes started by yuxc in E:\yuxc\xyz\bimowu-Study)
17:33:59.851 [main] INFO  com.bmw.seed.SeedApplication - No active profile set, falling back to default profiles: default
17:34:00.702 [main] INFO  org.apache.coyote.http11.Http11NioProtocol - Initializing ProtocolHandler ["http-nio-80"]
17:34:00.708 [main] INFO  org.apache.catalina.core.StandardService - Starting service [Tomcat]
17:34:00.709 [main] INFO  org.apache.catalina.core.StandardEngine - Starting Servlet engine: [Apache Tomcat/9.0.21]
17:34:00.803 [main] INFO  org.apache.catalina.core.ContainerBase.[Tomcat].[localhost].[/] - Initializing Spring embedded WebApplicationContext
17:34:01.578 [main] INFO  org.apache.coyote.http11.Http11NioProtocol - Starting ProtocolHandler ["http-nio-80"]
17:34:01.594 [main] INFO  com.bmw.seed.SeedApplication - Started SeedApplication in 2.181 seconds (JVM running for 3.022)
17:34:14.657 [http-nio-80-exec-4] INFO  org.apache.catalina.core.ContainerBase.[Tomcat].[localhost].[/] - Initializing Spring DispatcherServlet 'dispatcherServlet'
17:34:14.811 [http-nio-80-exec-4] INFO  com.alibaba.druid.pool.DruidDataSource - {dataSource-1} inited
17:34:14.911 [http-nio-80-exec-4] INFO  com.bmw.seed.service.impl.UserInfoServiceImpl - [UserInfo{id=1, name='机器人1号', sex=2, phone='18698291131', create_time='2017-04-15 00:00:00'}]
17:37:30.612 [main] INFO  com.bmw.seed.SeedApplication - Starting SeedApplication on LAPTOP-E6B2N0T6 with PID 8584 (E:\yuxc\xyz\bimowu-Study\tablemigration\target\classes started by yuxc in E:\yuxc\xyz\bimowu-Study)
17:37:30.617 [main] INFO  com.bmw.seed.SeedApplication - No active profile set, falling back to default profiles: default
17:37:31.508 [main] INFO  org.apache.coyote.http11.Http11NioProtocol - Initializing ProtocolHandler ["http-nio-80"]
17:37:31.515 [main] INFO  org.apache.catalina.core.StandardService - Starting service [Tomcat]
17:37:31.516 [main] INFO  org.apache.catalina.core.StandardEngine - Starting Servlet engine: [Apache Tomcat/9.0.21]
17:37:31.621 [main] INFO  org.apache.catalina.core.ContainerBase.[Tomcat].[localhost].[/] - Initializing Spring embedded WebApplicationContext
17:37:32.399 [main] INFO  org.apache.coyote.http11.Http11NioProtocol - Starting ProtocolHandler ["http-nio-80"]
17:37:32.415 [main] INFO  com.bmw.seed.SeedApplication - Started SeedApplication in 2.219 seconds (JVM running for 3.019)
17:37:53.742 [http-nio-80-exec-2] INFO  org.apache.catalina.core.ContainerBase.[Tomcat].[localhost].[/] - Initializing Spring DispatcherServlet 'dispatcherServlet'
17:37:53.893 [http-nio-80-exec-2] INFO  com.alibaba.druid.pool.DruidDataSource - {dataSource-1} inited
17:37:53.999 [http-nio-80-exec-2] INFO  com.bmw.seed.service.impl.UserInfoServiceImpl - [UserInfo{id=1, name='机器人1号', sex=2, phone='18698291131', create_time='2017-04-15 00:00:00'}, UserInfo{id=2, name='机器人2号', sex=1, phone='18698291132', create_time='2017-04-10 00:00:00'}, UserInfo{id=3, name='机器人3号', sex=2, phone='18698291133', create_time='2017-07-03 00:00:00'}]
17:38:08.181 [http-nio-80-exec-4] INFO  com.bmw.seed.service.impl.UserInfoServiceImpl - [UserInfo{id=1, name='机器人1号', sex=2, phone='18698291131', create_time='2017-04-15 00:00:00'}, UserInfo{id=2, name='机器人2号', sex=1, phone='18698291132', create_time='2017-04-10 00:00:00'}, UserInfo{id=3, name='机器人3号', sex=2, phone='18698291133', create_time='2017-07-03 00:00:00'}, UserInfo{id=4, name='机器人4号', sex=1, phone='18698291134', create_time='2017-02-03 00:00:00'}, UserInfo{id=5, name='机器人5号', sex=2, phone='18698291135', create_time='2017-07-22 00:00:00'}]
17:46:55.799 [main] INFO  com.bmw.seed.SeedApplication - Starting SeedApplication on LAPTOP-E6B2N0T6 with PID 10656 (E:\yuxc\xyz\bimowu-Study\tablemigration\target\classes started by yuxc in E:\yuxc\xyz\bimowu-Study)
17:46:55.804 [main] INFO  com.bmw.seed.SeedApplication - No active profile set, falling back to default profiles: default
17:46:56.670 [main] INFO  org.apache.coyote.http11.Http11NioProtocol - Initializing ProtocolHandler ["http-nio-80"]
17:46:56.676 [main] INFO  org.apache.catalina.core.StandardService - Starting service [Tomcat]
17:46:56.677 [main] INFO  org.apache.catalina.core.StandardEngine - Starting Servlet engine: [Apache Tomcat/9.0.21]
17:46:56.782 [main] INFO  org.apache.catalina.core.ContainerBase.[Tomcat].[localhost].[/] - Initializing Spring embedded WebApplicationContext
17:46:57.591 [main] INFO  org.apache.coyote.http11.Http11NioProtocol - Starting ProtocolHandler ["http-nio-80"]
17:46:57.608 [main] INFO  com.bmw.seed.SeedApplication - Started SeedApplication in 2.252 seconds (JVM running for 3.037)
17:47:07.969 [http-nio-80-exec-1] INFO  org.apache.catalina.core.ContainerBase.[Tomcat].[localhost].[/] - Initializing Spring DispatcherServlet 'dispatcherServlet'
17:47:08.127 [http-nio-80-exec-1] INFO  com.alibaba.druid.pool.DruidDataSource - {dataSource-1} inited
17:47:08.228 [http-nio-80-exec-1] INFO  com.bmw.seed.service.impl.UserInfoServiceImpl - []
17:47:37.712 [main] INFO  com.bmw.seed.SeedApplication - Starting SeedApplication on LAPTOP-E6B2N0T6 with PID 9064 (E:\yuxc\xyz\bimowu-Study\tablemigration\target\classes started by yuxc in E:\yuxc\xyz\bimowu-Study)
17:47:37.717 [main] INFO  com.bmw.seed.SeedApplication - No active profile set, falling back to default profiles: default
17:47:38.569 [main] INFO  org.apache.coyote.http11.Http11NioProtocol - Initializing ProtocolHandler ["http-nio-80"]
17:47:38.577 [main] INFO  org.apache.catalina.core.StandardService - Starting service [Tomcat]
17:47:38.577 [main] INFO  org.apache.catalina.core.StandardEngine - Starting Servlet engine: [Apache Tomcat/9.0.21]
17:47:38.686 [main] INFO  org.apache.catalina.core.ContainerBase.[Tomcat].[localhost].[/] - Initializing Spring embedded WebApplicationContext
17:47:39.498 [main] INFO  org.apache.coyote.http11.Http11NioProtocol - Starting ProtocolHandler ["http-nio-80"]
17:47:39.514 [main] INFO  com.bmw.seed.SeedApplication - Started SeedApplication in 2.212 seconds (JVM running for 2.99)
17:48:58.100 [http-nio-80-exec-1] INFO  org.apache.catalina.core.ContainerBase.[Tomcat].[localhost].[/] - Initializing Spring DispatcherServlet 'dispatcherServlet'
17:48:58.253 [http-nio-80-exec-1] INFO  com.alibaba.druid.pool.DruidDataSource - {dataSource-1} inited
17:48:58.354 [http-nio-80-exec-1] INFO  com.bmw.seed.service.impl.UserInfoServiceImpl - []
17:49:02.721 [http-nio-80-exec-3] INFO  com.bmw.seed.service.impl.UserInfoServiceImpl - []
17:50:56.171 [main] INFO  com.bmw.seed.SeedApplication - Starting SeedApplication on LAPTOP-E6B2N0T6 with PID 15440 (E:\yuxc\xyz\bimowu-Study\tablemigration\target\classes started by yuxc in E:\yuxc\xyz\bimowu-Study)
17:50:56.177 [main] INFO  com.bmw.seed.SeedApplication - No active profile set, falling back to default profiles: default
17:50:57.023 [main] INFO  org.apache.coyote.http11.Http11NioProtocol - Initializing ProtocolHandler ["http-nio-80"]
17:50:57.031 [main] INFO  org.apache.catalina.core.StandardService - Starting service [Tomcat]
17:50:57.031 [main] INFO  org.apache.catalina.core.StandardEngine - Starting Servlet engine: [Apache Tomcat/9.0.21]
17:50:57.141 [main] INFO  org.apache.catalina.core.ContainerBase.[Tomcat].[localhost].[/] - Initializing Spring embedded WebApplicationContext
17:50:57.935 [main] INFO  org.apache.coyote.http11.Http11NioProtocol - Starting ProtocolHandler ["http-nio-80"]
17:50:57.952 [main] INFO  com.bmw.seed.SeedApplication - Started SeedApplication in 2.204 seconds (JVM running for 3.015)
18:03:12.823 [main] INFO  com.bmw.seed.SeedApplication - Starting SeedApplication on LAPTOP-E6B2N0T6 with PID 3056 (E:\yuxc\xyz\bimowu-Study\tablemigration\target\classes started by yuxc in E:\yuxc\xyz\bimowu-Study)
18:03:12.829 [main] INFO  com.bmw.seed.SeedApplication - No active profile set, falling back to default profiles: default
18:03:13.743 [main] INFO  org.apache.coyote.http11.Http11NioProtocol - Initializing ProtocolHandler ["http-nio-80"]
18:03:13.751 [main] INFO  org.apache.catalina.core.StandardService - Starting service [Tomcat]
18:03:13.752 [main] INFO  org.apache.catalina.core.StandardEngine - Starting Servlet engine: [Apache Tomcat/9.0.21]
18:03:13.850 [main] INFO  org.apache.catalina.core.ContainerBase.[Tomcat].[localhost].[/] - Initializing Spring embedded WebApplicationContext
18:03:14.663 [main] INFO  org.apache.coyote.http11.Http11NioProtocol - Starting ProtocolHandler ["http-nio-80"]
18:03:14.679 [main] INFO  com.bmw.seed.SeedApplication - Started SeedApplication in 2.285 seconds (JVM running for 3.091)
18:03:23.190 [http-nio-80-exec-2] INFO  org.apache.catalina.core.ContainerBase.[Tomcat].[localhost].[/] - Initializing Spring DispatcherServlet 'dispatcherServlet'
18:03:23.338 [http-nio-80-exec-2] INFO  com.alibaba.druid.pool.DruidDataSource - {dataSource-1} inited
18:03:23.442 [http-nio-80-exec-2] INFO  com.bmw.seed.service.impl.UserInfoServiceImpl - [UserInfo{id=21, name='机器人21号', sex=2, phone='18698291151', create_time='2017-11-25 00:00:00'}, UserInfo{id=22, name='机器人22号', sex=1, phone='18698291152', create_time='2018-03-17 00:00:00'}, UserInfo{id=23, name='机器人23号', sex=2, phone='18698291153', create_time='2017-02-20 00:00:00'}, UserInfo{id=24, name='机器人24号', sex=1, phone='18698291154', create_time='2017-04-06 00:00:00'}, UserInfo{id=25, name='机器人25号', sex=2, phone='18698291155', create_time='2017-11-25 00:00:00'}, UserInfo{id=26, name='机器人26号', sex=1, phone='18698291156', create_time='2017-07-05 00:00:00'}, UserInfo{id=27, name='机器人27号', sex=2, phone='18698291157', create_time='2018-06-11 00:00:00'}, UserInfo{id=28, name='机器人28号', sex=1, phone='18698291158', create_time='2017-11-22 00:00:00'}, UserInfo{id=29, name='机器人29号', sex=2, phone='18698291159', create_time='2017-02-18 00:00:00'}]
18:03:44.610 [main] INFO  com.bmw.seed.SeedApplication - Starting SeedApplication on LAPTOP-E6B2N0T6 with PID 3460 (E:\yuxc\xyz\bimowu-Study\tablemigration\target\classes started by yuxc in E:\yuxc\xyz\bimowu-Study)
18:03:44.617 [main] INFO  com.bmw.seed.SeedApplication - No active profile set, falling back to default profiles: default
18:03:45.529 [main] INFO  org.apache.coyote.http11.Http11NioProtocol - Initializing ProtocolHandler ["http-nio-80"]
18:03:45.536 [main] INFO  org.apache.catalina.core.StandardService - Starting service [Tomcat]
18:03:45.536 [main] INFO  org.apache.catalina.core.StandardEngine - Starting Servlet engine: [Apache Tomcat/9.0.21]
18:03:45.627 [main] INFO  org.apache.catalina.core.ContainerBase.[Tomcat].[localhost].[/] - Initializing Spring embedded WebApplicationContext
18:03:46.561 [main] INFO  org.apache.coyote.http11.Http11NioProtocol - Starting ProtocolHandler ["http-nio-80"]
18:03:46.576 [main] INFO  com.bmw.seed.SeedApplication - Started SeedApplication in 2.404 seconds (JVM running for 3.216)
18:04:38.502 [http-nio-80-exec-2] INFO  org.apache.catalina.core.ContainerBase.[Tomcat].[localhost].[/] - Initializing Spring DispatcherServlet 'dispatcherServlet'
18:04:38.654 [http-nio-80-exec-2] INFO  com.alibaba.druid.pool.DruidDataSource - {dataSource-1} inited
18:04:38.758 [http-nio-80-exec-2] INFO  com.bmw.seed.service.impl.UserInfoServiceImpl - [UserInfo{id=4, name='机器人4号', sex=1, phone='18698291134', create_time='2017-02-03 00:00:00'}, UserInfo{id=5, name='机器人5号', sex=2, phone='18698291135', create_time='2017-07-22 00:00:00'}, UserInfo{id=6, name='机器人6号', sex=1, phone='18698291136', create_time='2017-11-24 00:00:00'}, UserInfo{id=7, name='机器人7号', sex=2, phone='18698291137', create_time='2018-03-23 00:00:00'}, UserInfo{id=8, name='机器人8号', sex=1, phone='18698291138', create_time='2017-03-23 00:00:00'}, UserInfo{id=9, name='机器人9号', sex=2, phone='18698291139', create_time='2017-08-24 00:00:00'}, UserInfo{id=10, name='机器人10号', sex=1, phone='18698291140', create_time='2017-12-15 00:00:00'}, UserInfo{id=11, name='机器人11号', sex=2, phone='18698291141', create_time='2018-03-30 00:00:00'}, UserInfo{id=12, name='机器人12号', sex=1, phone='18698291142', create_time='2017-02-21 00:00:00'}, UserInfo{id=13, name='机器人13号', sex=2, phone='18698291143', create_time='2017-03-09 00:00:00'}, UserInfo{id=14, name='机器人14号', sex=1, phone='18698291144', create_time='2017-07-03 00:00:00'}, UserInfo{id=15, name='机器人15号', sex=2, phone='18698291145', create_time='2017-05-09 00:00:00'}, UserInfo{id=16, name='机器人16号', sex=1, phone='18698291146', create_time='2017-04-03 00:00:00'}]
18:06:00.362 [http-nio-80-exec-4] INFO  com.bmw.seed.service.impl.UserInfoServiceImpl - [UserInfo{id=4, name='机器人4号', sex=1, phone='18698291134', create_time='2017-02-03 00:00:00'}, UserInfo{id=5, name='机器人5号', sex=2, phone='18698291135', create_time='2017-07-22 00:00:00'}, UserInfo{id=6, name='机器人6号', sex=1, phone='18698291136', create_time='2017-11-24 00:00:00'}, UserInfo{id=7, name='机器人7号', sex=2, phone='18698291137', create_time='2018-03-23 00:00:00'}, UserInfo{id=8, name='机器人8号', sex=1, phone='18698291138', create_time='2017-03-23 00:00:00'}, UserInfo{id=9, name='机器人9号', sex=2, phone='18698291139', create_time='2017-08-24 00:00:00'}, UserInfo{id=10, name='机器人10号', sex=1, phone='18698291140', create_time='2017-12-15 00:00:00'}, UserInfo{id=11, name='机器人11号', sex=2, phone='18698291141', create_time='2018-03-30 00:00:00'}, UserInfo{id=12, name='机器人12号', sex=1, phone='18698291142', create_time='2017-02-21 00:00:00'}, UserInfo{id=13, name='机器人13号', sex=2, phone='18698291143', create_time='2017-03-09 00:00:00'}, UserInfo{id=14, name='机器人14号', sex=1, phone='18698291144', create_time='2017-07-03 00:00:00'}, UserInfo{id=15, name='机器人15号', sex=2, phone='18698291145', create_time='2017-05-09 00:00:00'}, UserInfo{id=16, name='机器人16号', sex=1, phone='18698291146', create_time='2017-04-03 00:00:00'}]
18:06:36.566 [main] INFO  com.bmw.seed.SeedApplication - Starting SeedApplication on LAPTOP-E6B2N0T6 with PID 10792 (E:\yuxc\xyz\bimowu-Study\tablemigration\target\classes started by yuxc in E:\yuxc\xyz\bimowu-Study)
18:06:36.572 [main] INFO  com.bmw.seed.SeedApplication - No active profile set, falling back to default profiles: default
18:06:37.524 [main] INFO  org.apache.coyote.http11.Http11NioProtocol - Initializing ProtocolHandler ["http-nio-80"]
18:06:37.532 [main] INFO  org.apache.catalina.core.StandardService - Starting service [Tomcat]
18:06:37.532 [main] INFO  org.apache.catalina.core.StandardEngine - Starting Servlet engine: [Apache Tomcat/9.0.21]
18:06:37.635 [main] INFO  org.apache.catalina.core.ContainerBase.[Tomcat].[localhost].[/] - Initializing Spring embedded WebApplicationContext
18:06:38.489 [main] INFO  org.apache.coyote.http11.Http11NioProtocol - Starting ProtocolHandler ["http-nio-80"]
18:06:38.507 [main] INFO  com.bmw.seed.SeedApplication - Started SeedApplication in 2.383 seconds (JVM running for 3.18)
18:06:48.481 [http-nio-80-exec-2] INFO  org.apache.catalina.core.ContainerBase.[Tomcat].[localhost].[/] - Initializing Spring DispatcherServlet 'dispatcherServlet'
18:06:48.634 [http-nio-80-exec-2] INFO  com.alibaba.druid.pool.DruidDataSource - {dataSource-1} inited
18:06:48.770 [http-nio-80-exec-2] ERROR org.apache.catalina.core.ContainerBase.[Tomcat].[localhost].[/].[dispatcherServlet] - Servlet.service() for servlet [dispatcherServlet] in context with path [] threw exception [Request processing failed; nested exception is org.springframework.jdbc.BadSqlGrammarException: 
### Error querying database.  Cause: java.sql.SQLSyntaxErrorException: You have an error in your SQL syntax; check the manual that corresponds to your MySQL server version for the right syntax to use near 'order by desc' at line 8
### The error may exist in file [E:\yuxc\xyz\bimowu-Study\tablemigration\target\classes\mapping\UserInfoDaoMapper.xml]
### The error may involve defaultParameterMap
### The error occurred while setting parameters
### SQL: SELECT         *         from user_info         where id  < ?                           limit ?,?                       order by desc
### Cause: java.sql.SQLSyntaxErrorException: You have an error in your SQL syntax; check the manual that corresponds to your MySQL server version for the right syntax to use near 'order by desc' at line 8
; bad SQL grammar []; nested exception is java.sql.SQLSyntaxErrorException: You have an error in your SQL syntax; check the manual that corresponds to your MySQL server version for the right syntax to use near 'order by desc' at line 8] with root cause
java.sql.SQLSyntaxErrorException: You have an error in your SQL syntax; check the manual that corresponds to your MySQL server version for the right syntax to use near 'order by desc' at line 8
	at com.mysql.cj.jdbc.exceptions.SQLError.createSQLException(SQLError.java:120) ~[mysql-connector-java-8.0.16.jar:8.0.16]
	at com.mysql.cj.jdbc.exceptions.SQLError.createSQLException(SQLError.java:97) ~[mysql-connector-java-8.0.16.jar:8.0.16]
	at com.mysql.cj.jdbc.exceptions.SQLExceptionsMapping.translateException(SQLExceptionsMapping.java:122) ~[mysql-connector-java-8.0.16.jar:8.0.16]
	at com.mysql.cj.jdbc.ClientPreparedStatement.executeInternal(ClientPreparedStatement.java:955) ~[mysql-connector-java-8.0.16.jar:8.0.16]
	at com.mysql.cj.jdbc.ClientPreparedStatement.execute(ClientPreparedStatement.java:372) ~[mysql-connector-java-8.0.16.jar:8.0.16]
	at com.alibaba.druid.pool.DruidPooledPreparedStatement.execute(DruidPooledPreparedStatement.java:497) ~[druid-1.1.18.jar:1.1.18]
	at sun.reflect.NativeMethodAccessorImpl.invoke0(Native Method) ~[?:1.8.0_261]
	at sun.reflect.NativeMethodAccessorImpl.invoke(NativeMethodAccessorImpl.java:62) ~[?:1.8.0_261]
	at sun.reflect.DelegatingMethodAccessorImpl.invoke(DelegatingMethodAccessorImpl.java:43) ~[?:1.8.0_261]
	at java.lang.reflect.Method.invoke(Method.java:498) ~[?:1.8.0_261]
	at org.apache.ibatis.logging.jdbc.PreparedStatementLogger.invoke(PreparedStatementLogger.java:59) ~[mybatis-3.4.6.jar:3.4.6]
	at com.sun.proxy.$Proxy105.execute(Unknown Source) ~[?:?]
	at org.apache.ibatis.executor.statement.PreparedStatementHandler.query(PreparedStatementHandler.java:63) ~[mybatis-3.4.6.jar:3.4.6]
	at org.apache.ibatis.executor.statement.RoutingStatementHandler.query(RoutingStatementHandler.java:79) ~[mybatis-3.4.6.jar:3.4.6]
	at org.apache.ibatis.executor.SimpleExecutor.doQuery(SimpleExecutor.java:63) ~[mybatis-3.4.6.jar:3.4.6]
	at org.apache.ibatis.executor.BaseExecutor.queryFromDatabase(BaseExecutor.java:326) ~[mybatis-3.4.6.jar:3.4.6]
	at org.apache.ibatis.executor.BaseExecutor.query(BaseExecutor.java:156) ~[mybatis-3.4.6.jar:3.4.6]
	at org.apache.ibatis.executor.CachingExecutor.query(CachingExecutor.java:109) ~[mybatis-3.4.6.jar:3.4.6]
	at org.apache.ibatis.executor.CachingExecutor.query(CachingExecutor.java:83) ~[mybatis-3.4.6.jar:3.4.6]
	at org.apache.ibatis.session.defaults.DefaultSqlSession.selectList(DefaultSqlSession.java:148) ~[mybatis-3.4.6.jar:3.4.6]
	at org.apache.ibatis.session.defaults.DefaultSqlSession.selectList(DefaultSqlSession.java:141) ~[mybatis-3.4.6.jar:3.4.6]
	at sun.reflect.NativeMethodAccessorImpl.invoke0(Native Method) ~[?:1.8.0_261]
	at sun.reflect.NativeMethodAccessorImpl.invoke(NativeMethodAccessorImpl.java:62) ~[?:1.8.0_261]
	at sun.reflect.DelegatingMethodAccessorImpl.invoke(DelegatingMethodAccessorImpl.java:43) ~[?:1.8.0_261]
	at java.lang.reflect.Method.invoke(Method.java:498) ~[?:1.8.0_261]
	at org.mybatis.spring.SqlSessionTemplate$SqlSessionInterceptor.invoke(SqlSessionTemplate.java:433) ~[mybatis-spring-1.3.2.jar:1.3.2]
	at com.sun.proxy.$Proxy78.selectList(Unknown Source) ~[?:?]
	at org.mybatis.spring.SqlSessionTemplate.selectList(SqlSessionTemplate.java:230) ~[mybatis-spring-1.3.2.jar:1.3.2]
	at org.apache.ibatis.binding.MapperMethod.executeForMany(MapperMethod.java:139) ~[mybatis-3.4.6.jar:3.4.6]
	at org.apache.ibatis.binding.MapperMethod.execute(MapperMethod.java:76) ~[mybatis-3.4.6.jar:3.4.6]
	at org.apache.ibatis.binding.MapperProxy.invoke(MapperProxy.java:59) ~[mybatis-3.4.6.jar:3.4.6]
	at com.sun.proxy.$Proxy85.cursorPage(Unknown Source) ~[?:?]
	at sun.reflect.NativeMethodAccessorImpl.invoke0(Native Method) ~[?:1.8.0_261]
	at sun.reflect.NativeMethodAccessorImpl.invoke(NativeMethodAccessorImpl.java:62) ~[?:1.8.0_261]
	at sun.reflect.DelegatingMethodAccessorImpl.invoke(DelegatingMethodAccessorImpl.java:43) ~[?:1.8.0_261]
	at java.lang.reflect.Method.invoke(Method.java:498) ~[?:1.8.0_261]
	at org.springframework.aop.support.AopUtils.invokeJoinpointUsingReflection(AopUtils.java:343) ~[spring-aop-5.1.8.RELEASE.jar:5.1.8.RELEASE]
	at org.springframework.aop.framework.ReflectiveMethodInvocation.invokeJoinpoint(ReflectiveMethodInvocation.java:198) ~[spring-aop-5.1.8.RELEASE.jar:5.1.8.RELEASE]
	at org.springframework.aop.framework.ReflectiveMethodInvocation.proceed(ReflectiveMethodInvocation.java:163) ~[spring-aop-5.1.8.RELEASE.jar:5.1.8.RELEASE]
	at org.springframework.dao.support.PersistenceExceptionTranslationInterceptor.invoke(PersistenceExceptionTranslationInterceptor.java:139) ~[spring-tx-5.1.8.RELEASE.jar:5.1.8.RELEASE]
	at org.springframework.aop.framework.ReflectiveMethodInvocation.proceed(ReflectiveMethodInvocation.java:186) ~[spring-aop-5.1.8.RELEASE.jar:5.1.8.RELEASE]
	at org.springframework.aop.framework.JdkDynamicAopProxy.invoke(JdkDynamicAopProxy.java:212) ~[spring-aop-5.1.8.RELEASE.jar:5.1.8.RELEASE]
	at com.sun.proxy.$Proxy86.cursorPage(Unknown Source) ~[?:?]
	at com.bmw.seed.service.impl.UserInfoServiceImpl.cursorPage(UserInfoServiceImpl.java:107) ~[classes/:?]
	at com.bmw.seed.controller.UserInfoController.cursorPage(UserInfoController.java:37) ~[classes/:?]
	at sun.reflect.NativeMethodAccessorImpl.invoke0(Native Method) ~[?:1.8.0_261]
	at sun.reflect.NativeMethodAccessorImpl.invoke(NativeMethodAccessorImpl.java:62) ~[?:1.8.0_261]
	at sun.reflect.DelegatingMethodAccessorImpl.invoke(DelegatingMethodAccessorImpl.java:43) ~[?:1.8.0_261]
	at java.lang.reflect.Method.invoke(Method.java:498) ~[?:1.8.0_261]
	at org.springframework.web.method.support.InvocableHandlerMethod.doInvoke(InvocableHandlerMethod.java:190) ~[spring-web-5.1.8.RELEASE.jar:5.1.8.RELEASE]
	at org.springframework.web.method.support.InvocableHandlerMethod.invokeForRequest(InvocableHandlerMethod.java:138) ~[spring-web-5.1.8.RELEASE.jar:5.1.8.RELEASE]
	at org.springframework.web.servlet.mvc.method.annotation.ServletInvocableHandlerMethod.invokeAndHandle(ServletInvocableHandlerMethod.java:104) ~[spring-webmvc-5.1.8.RELEASE.jar:5.1.8.RELEASE]
	at org.springframework.web.servlet.mvc.method.annotation.RequestMappingHandlerAdapter.invokeHandlerMethod(RequestMappingHandlerAdapter.java:892) ~[spring-webmvc-5.1.8.RELEASE.jar:5.1.8.RELEASE]
	at org.springframework.web.servlet.mvc.method.annotation.RequestMappingHandlerAdapter.handleInternal(RequestMappingHandlerAdapter.java:797) ~[spring-webmvc-5.1.8.RELEASE.jar:5.1.8.RELEASE]
	at org.springframework.web.servlet.mvc.method.AbstractHandlerMethodAdapter.handle(AbstractHandlerMethodAdapter.java:87) ~[spring-webmvc-5.1.8.RELEASE.jar:5.1.8.RELEASE]
	at org.springframework.web.servlet.DispatcherServlet.doDispatch(DispatcherServlet.java:1039) ~[spring-webmvc-5.1.8.RELEASE.jar:5.1.8.RELEASE]
	at org.springframework.web.servlet.DispatcherServlet.doService(DispatcherServlet.java:942) ~[spring-webmvc-5.1.8.RELEASE.jar:5.1.8.RELEASE]
	at org.springframework.web.servlet.FrameworkServlet.processRequest(FrameworkServlet.java:1005) ~[spring-webmvc-5.1.8.RELEASE.jar:5.1.8.RELEASE]
	at org.springframework.web.servlet.FrameworkServlet.doPost(FrameworkServlet.java:908) ~[spring-webmvc-5.1.8.RELEASE.jar:5.1.8.RELEASE]
	at javax.servlet.http.HttpServlet.service(HttpServlet.java:660) ~[tomcat-embed-core-9.0.21.jar:9.0.21]
	at org.springframework.web.servlet.FrameworkServlet.service(FrameworkServlet.java:882) ~[spring-webmvc-5.1.8.RELEASE.jar:5.1.8.RELEASE]
	at javax.servlet.http.HttpServlet.service(HttpServlet.java:741) ~[tomcat-embed-core-9.0.21.jar:9.0.21]
	at org.apache.catalina.core.ApplicationFilterChain.internalDoFilter(ApplicationFilterChain.java:231) ~[tomcat-embed-core-9.0.21.jar:9.0.21]
	at org.apache.catalina.core.ApplicationFilterChain.doFilter(ApplicationFilterChain.java:166) ~[tomcat-embed-core-9.0.21.jar:9.0.21]
	at org.apache.tomcat.websocket.server.WsFilter.doFilter(WsFilter.java:53) ~[tomcat-embed-websocket-9.0.21.jar:9.0.21]
	at org.apache.catalina.core.ApplicationFilterChain.internalDoFilter(ApplicationFilterChain.java:193) ~[tomcat-embed-core-9.0.21.jar:9.0.21]
	at org.apache.catalina.core.ApplicationFilterChain.doFilter(ApplicationFilterChain.java:166) ~[tomcat-embed-core-9.0.21.jar:9.0.21]
	at org.springframework.web.filter.RequestContextFilter.doFilterInternal(RequestContextFilter.java:99) ~[spring-web-5.1.8.RELEASE.jar:5.1.8.RELEASE]
	at org.springframework.web.filter.OncePerRequestFilter.doFilter(OncePerRequestFilter.java:109) ~[spring-web-5.1.8.RELEASE.jar:5.1.8.RELEASE]
	at org.apache.catalina.core.ApplicationFilterChain.internalDoFilter(ApplicationFilterChain.java:193) ~[tomcat-embed-core-9.0.21.jar:9.0.21]
	at org.apache.catalina.core.ApplicationFilterChain.doFilter(ApplicationFilterChain.java:166) ~[tomcat-embed-core-9.0.21.jar:9.0.21]
	at org.springframework.web.filter.FormContentFilter.doFilterInternal(FormContentFilter.java:92) ~[spring-web-5.1.8.RELEASE.jar:5.1.8.RELEASE]
	at org.springframework.web.filter.OncePerRequestFilter.doFilter(OncePerRequestFilter.java:109) ~[spring-web-5.1.8.RELEASE.jar:5.1.8.RELEASE]
	at org.apache.catalina.core.ApplicationFilterChain.internalDoFilter(ApplicationFilterChain.java:193) ~[tomcat-embed-core-9.0.21.jar:9.0.21]
	at org.apache.catalina.core.ApplicationFilterChain.doFilter(ApplicationFilterChain.java:166) ~[tomcat-embed-core-9.0.21.jar:9.0.21]
	at org.springframework.web.filter.HiddenHttpMethodFilter.doFilterInternal(HiddenHttpMethodFilter.java:93) ~[spring-web-5.1.8.RELEASE.jar:5.1.8.RELEASE]
	at org.springframework.web.filter.OncePerRequestFilter.doFilter(OncePerRequestFilter.java:109) ~[spring-web-5.1.8.RELEASE.jar:5.1.8.RELEASE]
	at org.apache.catalina.core.ApplicationFilterChain.internalDoFilter(ApplicationFilterChain.java:193) ~[tomcat-embed-core-9.0.21.jar:9.0.21]
	at org.apache.catalina.core.ApplicationFilterChain.doFilter(ApplicationFilterChain.java:166) ~[tomcat-embed-core-9.0.21.jar:9.0.21]
	at org.springframework.web.filter.CharacterEncodingFilter.doFilterInternal(CharacterEncodingFilter.java:200) ~[spring-web-5.1.8.RELEASE.jar:5.1.8.RELEASE]
	at org.springframework.web.filter.OncePerRequestFilter.doFilter(OncePerRequestFilter.java:109) ~[spring-web-5.1.8.RELEASE.jar:5.1.8.RELEASE]
	at org.apache.catalina.core.ApplicationFilterChain.internalDoFilter(ApplicationFilterChain.java:193) ~[tomcat-embed-core-9.0.21.jar:9.0.21]
	at org.apache.catalina.core.ApplicationFilterChain.doFilter(ApplicationFilterChain.java:166) ~[tomcat-embed-core-9.0.21.jar:9.0.21]
	at org.apache.catalina.core.StandardWrapperValve.invoke(StandardWrapperValve.java:202) [tomcat-embed-core-9.0.21.jar:9.0.21]
	at org.apache.catalina.core.StandardContextValve.invoke(StandardContextValve.java:96) [tomcat-embed-core-9.0.21.jar:9.0.21]
	at org.apache.catalina.authenticator.AuthenticatorBase.invoke(AuthenticatorBase.java:490) [tomcat-embed-core-9.0.21.jar:9.0.21]
	at org.apache.catalina.core.StandardHostValve.invoke(StandardHostValve.java:139) [tomcat-embed-core-9.0.21.jar:9.0.21]
	at org.apache.catalina.valves.ErrorReportValve.invoke(ErrorReportValve.java:92) [tomcat-embed-core-9.0.21.jar:9.0.21]
	at org.apache.catalina.core.StandardEngineValve.invoke(StandardEngineValve.java:74) [tomcat-embed-core-9.0.21.jar:9.0.21]
	at org.apache.catalina.connector.CoyoteAdapter.service(CoyoteAdapter.java:343) [tomcat-embed-core-9.0.21.jar:9.0.21]
	at org.apache.coyote.http11.Http11Processor.service(Http11Processor.java:408) [tomcat-embed-core-9.0.21.jar:9.0.21]
	at org.apache.coyote.AbstractProcessorLight.process(AbstractProcessorLight.java:66) [tomcat-embed-core-9.0.21.jar:9.0.21]
	at org.apache.coyote.AbstractProtocol$ConnectionHandler.process(AbstractProtocol.java:853) [tomcat-embed-core-9.0.21.jar:9.0.21]
	at org.apache.tomcat.util.net.NioEndpoint$SocketProcessor.doRun(NioEndpoint.java:1587) [tomcat-embed-core-9.0.21.jar:9.0.21]
	at org.apache.tomcat.util.net.SocketProcessorBase.run(SocketProcessorBase.java:49) [tomcat-embed-core-9.0.21.jar:9.0.21]
	at java.util.concurrent.ThreadPoolExecutor.runWorker(ThreadPoolExecutor.java:1149) [?:1.8.0_261]
	at java.util.concurrent.ThreadPoolExecutor$Worker.run(ThreadPoolExecutor.java:624) [?:1.8.0_261]
	at org.apache.tomcat.util.threads.TaskThread$WrappingRunnable.run(TaskThread.java:61) [tomcat-embed-core-9.0.21.jar:9.0.21]
	at java.lang.Thread.run(Thread.java:748) [?:1.8.0_261]
18:07:33.780 [main] INFO  com.bmw.seed.SeedApplication - Starting SeedApplication on LAPTOP-E6B2N0T6 with PID 4900 (E:\yuxc\xyz\bimowu-Study\tablemigration\target\classes started by yuxc in E:\yuxc\xyz\bimowu-Study)
18:07:33.786 [main] INFO  com.bmw.seed.SeedApplication - No active profile set, falling back to default profiles: default
18:07:34.671 [main] INFO  org.apache.coyote.http11.Http11NioProtocol - Initializing ProtocolHandler ["http-nio-80"]
18:07:34.678 [main] INFO  org.apache.catalina.core.StandardService - Starting service [Tomcat]
18:07:34.679 [main] INFO  org.apache.catalina.core.StandardEngine - Starting Servlet engine: [Apache Tomcat/9.0.21]
18:07:34.772 [main] INFO  org.apache.catalina.core.ContainerBase.[Tomcat].[localhost].[/] - Initializing Spring embedded WebApplicationContext
18:07:35.574 [main] INFO  org.apache.coyote.http11.Http11NioProtocol - Starting ProtocolHandler ["http-nio-80"]
18:07:35.590 [main] INFO  com.bmw.seed.SeedApplication - Started SeedApplication in 2.246 seconds (JVM running for 3.106)
18:07:42.523 [http-nio-80-exec-2] INFO  org.apache.catalina.core.ContainerBase.[Tomcat].[localhost].[/] - Initializing Spring DispatcherServlet 'dispatcherServlet'
18:07:42.679 [http-nio-80-exec-2] INFO  com.alibaba.druid.pool.DruidDataSource - {dataSource-1} inited
18:07:42.814 [http-nio-80-exec-2] ERROR org.apache.catalina.core.ContainerBase.[Tomcat].[localhost].[/].[dispatcherServlet] - Servlet.service() for servlet [dispatcherServlet] in context with path [] threw exception [Request processing failed; nested exception is org.springframework.jdbc.BadSqlGrammarException: 
### Error querying database.  Cause: java.sql.SQLSyntaxErrorException: You have an error in your SQL syntax; check the manual that corresponds to your MySQL server version for the right syntax to use near 'desc
         
                limit 3,20' at line 5
### The error may exist in file [E:\yuxc\xyz\bimowu-Study\tablemigration\target\classes\mapping\UserInfoDaoMapper.xml]
### The error may involve defaultParameterMap
### The error occurred while setting parameters
### SQL: SELECT         *         from user_info         where id  < ?         order by desc                           limit ?,?
### Cause: java.sql.SQLSyntaxErrorException: You have an error in your SQL syntax; check the manual that corresponds to your MySQL server version for the right syntax to use near 'desc
         
                limit 3,20' at line 5
; bad SQL grammar []; nested exception is java.sql.SQLSyntaxErrorException: You have an error in your SQL syntax; check the manual that corresponds to your MySQL server version for the right syntax to use near 'desc
         
                limit 3,20' at line 5] with root cause
java.sql.SQLSyntaxErrorException: You have an error in your SQL syntax; check the manual that corresponds to your MySQL server version for the right syntax to use near 'desc
         
                limit 3,20' at line 5
	at com.mysql.cj.jdbc.exceptions.SQLError.createSQLException(SQLError.java:120) ~[mysql-connector-java-8.0.16.jar:8.0.16]
	at com.mysql.cj.jdbc.exceptions.SQLError.createSQLException(SQLError.java:97) ~[mysql-connector-java-8.0.16.jar:8.0.16]
	at com.mysql.cj.jdbc.exceptions.SQLExceptionsMapping.translateException(SQLExceptionsMapping.java:122) ~[mysql-connector-java-8.0.16.jar:8.0.16]
	at com.mysql.cj.jdbc.ClientPreparedStatement.executeInternal(ClientPreparedStatement.java:955) ~[mysql-connector-java-8.0.16.jar:8.0.16]
	at com.mysql.cj.jdbc.ClientPreparedStatement.execute(ClientPreparedStatement.java:372) ~[mysql-connector-java-8.0.16.jar:8.0.16]
	at com.alibaba.druid.pool.DruidPooledPreparedStatement.execute(DruidPooledPreparedStatement.java:497) ~[druid-1.1.18.jar:1.1.18]
	at sun.reflect.NativeMethodAccessorImpl.invoke0(Native Method) ~[?:1.8.0_261]
	at sun.reflect.NativeMethodAccessorImpl.invoke(NativeMethodAccessorImpl.java:62) ~[?:1.8.0_261]
	at sun.reflect.DelegatingMethodAccessorImpl.invoke(DelegatingMethodAccessorImpl.java:43) ~[?:1.8.0_261]
	at java.lang.reflect.Method.invoke(Method.java:498) ~[?:1.8.0_261]
	at org.apache.ibatis.logging.jdbc.PreparedStatementLogger.invoke(PreparedStatementLogger.java:59) ~[mybatis-3.4.6.jar:3.4.6]
	at com.sun.proxy.$Proxy105.execute(Unknown Source) ~[?:?]
	at org.apache.ibatis.executor.statement.PreparedStatementHandler.query(PreparedStatementHandler.java:63) ~[mybatis-3.4.6.jar:3.4.6]
	at org.apache.ibatis.executor.statement.RoutingStatementHandler.query(RoutingStatementHandler.java:79) ~[mybatis-3.4.6.jar:3.4.6]
	at org.apache.ibatis.executor.SimpleExecutor.doQuery(SimpleExecutor.java:63) ~[mybatis-3.4.6.jar:3.4.6]
	at org.apache.ibatis.executor.BaseExecutor.queryFromDatabase(BaseExecutor.java:326) ~[mybatis-3.4.6.jar:3.4.6]
	at org.apache.ibatis.executor.BaseExecutor.query(BaseExecutor.java:156) ~[mybatis-3.4.6.jar:3.4.6]
	at org.apache.ibatis.executor.CachingExecutor.query(CachingExecutor.java:109) ~[mybatis-3.4.6.jar:3.4.6]
	at org.apache.ibatis.executor.CachingExecutor.query(CachingExecutor.java:83) ~[mybatis-3.4.6.jar:3.4.6]
	at org.apache.ibatis.session.defaults.DefaultSqlSession.selectList(DefaultSqlSession.java:148) ~[mybatis-3.4.6.jar:3.4.6]
	at org.apache.ibatis.session.defaults.DefaultSqlSession.selectList(DefaultSqlSession.java:141) ~[mybatis-3.4.6.jar:3.4.6]
	at sun.reflect.NativeMethodAccessorImpl.invoke0(Native Method) ~[?:1.8.0_261]
	at sun.reflect.NativeMethodAccessorImpl.invoke(NativeMethodAccessorImpl.java:62) ~[?:1.8.0_261]
	at sun.reflect.DelegatingMethodAccessorImpl.invoke(DelegatingMethodAccessorImpl.java:43) ~[?:1.8.0_261]
	at java.lang.reflect.Method.invoke(Method.java:498) ~[?:1.8.0_261]
	at org.mybatis.spring.SqlSessionTemplate$SqlSessionInterceptor.invoke(SqlSessionTemplate.java:433) ~[mybatis-spring-1.3.2.jar:1.3.2]
	at com.sun.proxy.$Proxy78.selectList(Unknown Source) ~[?:?]
	at org.mybatis.spring.SqlSessionTemplate.selectList(SqlSessionTemplate.java:230) ~[mybatis-spring-1.3.2.jar:1.3.2]
	at org.apache.ibatis.binding.MapperMethod.executeForMany(MapperMethod.java:139) ~[mybatis-3.4.6.jar:3.4.6]
	at org.apache.ibatis.binding.MapperMethod.execute(MapperMethod.java:76) ~[mybatis-3.4.6.jar:3.4.6]
	at org.apache.ibatis.binding.MapperProxy.invoke(MapperProxy.java:59) ~[mybatis-3.4.6.jar:3.4.6]
	at com.sun.proxy.$Proxy85.cursorPage(Unknown Source) ~[?:?]
	at sun.reflect.NativeMethodAccessorImpl.invoke0(Native Method) ~[?:1.8.0_261]
	at sun.reflect.NativeMethodAccessorImpl.invoke(NativeMethodAccessorImpl.java:62) ~[?:1.8.0_261]
	at sun.reflect.DelegatingMethodAccessorImpl.invoke(DelegatingMethodAccessorImpl.java:43) ~[?:1.8.0_261]
	at java.lang.reflect.Method.invoke(Method.java:498) ~[?:1.8.0_261]
	at org.springframework.aop.support.AopUtils.invokeJoinpointUsingReflection(AopUtils.java:343) ~[spring-aop-5.1.8.RELEASE.jar:5.1.8.RELEASE]
	at org.springframework.aop.framework.ReflectiveMethodInvocation.invokeJoinpoint(ReflectiveMethodInvocation.java:198) ~[spring-aop-5.1.8.RELEASE.jar:5.1.8.RELEASE]
	at org.springframework.aop.framework.ReflectiveMethodInvocation.proceed(ReflectiveMethodInvocation.java:163) ~[spring-aop-5.1.8.RELEASE.jar:5.1.8.RELEASE]
	at org.springframework.dao.support.PersistenceExceptionTranslationInterceptor.invoke(PersistenceExceptionTranslationInterceptor.java:139) ~[spring-tx-5.1.8.RELEASE.jar:5.1.8.RELEASE]
	at org.springframework.aop.framework.ReflectiveMethodInvocation.proceed(ReflectiveMethodInvocation.java:186) ~[spring-aop-5.1.8.RELEASE.jar:5.1.8.RELEASE]
	at org.springframework.aop.framework.JdkDynamicAopProxy.invoke(JdkDynamicAopProxy.java:212) ~[spring-aop-5.1.8.RELEASE.jar:5.1.8.RELEASE]
	at com.sun.proxy.$Proxy86.cursorPage(Unknown Source) ~[?:?]
	at com.bmw.seed.service.impl.UserInfoServiceImpl.cursorPage(UserInfoServiceImpl.java:107) ~[classes/:?]
	at com.bmw.seed.controller.UserInfoController.cursorPage(UserInfoController.java:37) ~[classes/:?]
	at sun.reflect.NativeMethodAccessorImpl.invoke0(Native Method) ~[?:1.8.0_261]
	at sun.reflect.NativeMethodAccessorImpl.invoke(NativeMethodAccessorImpl.java:62) ~[?:1.8.0_261]
	at sun.reflect.DelegatingMethodAccessorImpl.invoke(DelegatingMethodAccessorImpl.java:43) ~[?:1.8.0_261]
	at java.lang.reflect.Method.invoke(Method.java:498) ~[?:1.8.0_261]
	at org.springframework.web.method.support.InvocableHandlerMethod.doInvoke(InvocableHandlerMethod.java:190) ~[spring-web-5.1.8.RELEASE.jar:5.1.8.RELEASE]
	at org.springframework.web.method.support.InvocableHandlerMethod.invokeForRequest(InvocableHandlerMethod.java:138) ~[spring-web-5.1.8.RELEASE.jar:5.1.8.RELEASE]
	at org.springframework.web.servlet.mvc.method.annotation.ServletInvocableHandlerMethod.invokeAndHandle(ServletInvocableHandlerMethod.java:104) ~[spring-webmvc-5.1.8.RELEASE.jar:5.1.8.RELEASE]
	at org.springframework.web.servlet.mvc.method.annotation.RequestMappingHandlerAdapter.invokeHandlerMethod(RequestMappingHandlerAdapter.java:892) ~[spring-webmvc-5.1.8.RELEASE.jar:5.1.8.RELEASE]
	at org.springframework.web.servlet.mvc.method.annotation.RequestMappingHandlerAdapter.handleInternal(RequestMappingHandlerAdapter.java:797) ~[spring-webmvc-5.1.8.RELEASE.jar:5.1.8.RELEASE]
	at org.springframework.web.servlet.mvc.method.AbstractHandlerMethodAdapter.handle(AbstractHandlerMethodAdapter.java:87) ~[spring-webmvc-5.1.8.RELEASE.jar:5.1.8.RELEASE]
	at org.springframework.web.servlet.DispatcherServlet.doDispatch(DispatcherServlet.java:1039) ~[spring-webmvc-5.1.8.RELEASE.jar:5.1.8.RELEASE]
	at org.springframework.web.servlet.DispatcherServlet.doService(DispatcherServlet.java:942) ~[spring-webmvc-5.1.8.RELEASE.jar:5.1.8.RELEASE]
	at org.springframework.web.servlet.FrameworkServlet.processRequest(FrameworkServlet.java:1005) ~[spring-webmvc-5.1.8.RELEASE.jar:5.1.8.RELEASE]
	at org.springframework.web.servlet.FrameworkServlet.doPost(FrameworkServlet.java:908) ~[spring-webmvc-5.1.8.RELEASE.jar:5.1.8.RELEASE]
	at javax.servlet.http.HttpServlet.service(HttpServlet.java:660) ~[tomcat-embed-core-9.0.21.jar:9.0.21]
	at org.springframework.web.servlet.FrameworkServlet.service(FrameworkServlet.java:882) ~[spring-webmvc-5.1.8.RELEASE.jar:5.1.8.RELEASE]
	at javax.servlet.http.HttpServlet.service(HttpServlet.java:741) ~[tomcat-embed-core-9.0.21.jar:9.0.21]
	at org.apache.catalina.core.ApplicationFilterChain.internalDoFilter(ApplicationFilterChain.java:231) ~[tomcat-embed-core-9.0.21.jar:9.0.21]
	at org.apache.catalina.core.ApplicationFilterChain.doFilter(ApplicationFilterChain.java:166) ~[tomcat-embed-core-9.0.21.jar:9.0.21]
	at org.apache.tomcat.websocket.server.WsFilter.doFilter(WsFilter.java:53) ~[tomcat-embed-websocket-9.0.21.jar:9.0.21]
	at org.apache.catalina.core.ApplicationFilterChain.internalDoFilter(ApplicationFilterChain.java:193) ~[tomcat-embed-core-9.0.21.jar:9.0.21]
	at org.apache.catalina.core.ApplicationFilterChain.doFilter(ApplicationFilterChain.java:166) ~[tomcat-embed-core-9.0.21.jar:9.0.21]
	at org.springframework.web.filter.RequestContextFilter.doFilterInternal(RequestContextFilter.java:99) ~[spring-web-5.1.8.RELEASE.jar:5.1.8.RELEASE]
	at org.springframework.web.filter.OncePerRequestFilter.doFilter(OncePerRequestFilter.java:109) ~[spring-web-5.1.8.RELEASE.jar:5.1.8.RELEASE]
	at org.apache.catalina.core.ApplicationFilterChain.internalDoFilter(ApplicationFilterChain.java:193) ~[tomcat-embed-core-9.0.21.jar:9.0.21]
	at org.apache.catalina.core.ApplicationFilterChain.doFilter(ApplicationFilterChain.java:166) ~[tomcat-embed-core-9.0.21.jar:9.0.21]
	at org.springframework.web.filter.FormContentFilter.doFilterInternal(FormContentFilter.java:92) ~[spring-web-5.1.8.RELEASE.jar:5.1.8.RELEASE]
	at org.springframework.web.filter.OncePerRequestFilter.doFilter(OncePerRequestFilter.java:109) ~[spring-web-5.1.8.RELEASE.jar:5.1.8.RELEASE]
	at org.apache.catalina.core.ApplicationFilterChain.internalDoFilter(ApplicationFilterChain.java:193) ~[tomcat-embed-core-9.0.21.jar:9.0.21]
	at org.apache.catalina.core.ApplicationFilterChain.doFilter(ApplicationFilterChain.java:166) ~[tomcat-embed-core-9.0.21.jar:9.0.21]
	at org.springframework.web.filter.HiddenHttpMethodFilter.doFilterInternal(HiddenHttpMethodFilter.java:93) ~[spring-web-5.1.8.RELEASE.jar:5.1.8.RELEASE]
	at org.springframework.web.filter.OncePerRequestFilter.doFilter(OncePerRequestFilter.java:109) ~[spring-web-5.1.8.RELEASE.jar:5.1.8.RELEASE]
	at org.apache.catalina.core.ApplicationFilterChain.internalDoFilter(ApplicationFilterChain.java:193) ~[tomcat-embed-core-9.0.21.jar:9.0.21]
	at org.apache.catalina.core.ApplicationFilterChain.doFilter(ApplicationFilterChain.java:166) ~[tomcat-embed-core-9.0.21.jar:9.0.21]
	at org.springframework.web.filter.CharacterEncodingFilter.doFilterInternal(CharacterEncodingFilter.java:200) ~[spring-web-5.1.8.RELEASE.jar:5.1.8.RELEASE]
	at org.springframework.web.filter.OncePerRequestFilter.doFilter(OncePerRequestFilter.java:109) ~[spring-web-5.1.8.RELEASE.jar:5.1.8.RELEASE]
	at org.apache.catalina.core.ApplicationFilterChain.internalDoFilter(ApplicationFilterChain.java:193) ~[tomcat-embed-core-9.0.21.jar:9.0.21]
	at org.apache.catalina.core.ApplicationFilterChain.doFilter(ApplicationFilterChain.java:166) ~[tomcat-embed-core-9.0.21.jar:9.0.21]
	at org.apache.catalina.core.StandardWrapperValve.invoke(StandardWrapperValve.java:202) [tomcat-embed-core-9.0.21.jar:9.0.21]
	at org.apache.catalina.core.StandardContextValve.invoke(StandardContextValve.java:96) [tomcat-embed-core-9.0.21.jar:9.0.21]
	at org.apache.catalina.authenticator.AuthenticatorBase.invoke(AuthenticatorBase.java:490) [tomcat-embed-core-9.0.21.jar:9.0.21]
	at org.apache.catalina.core.StandardHostValve.invoke(StandardHostValve.java:139) [tomcat-embed-core-9.0.21.jar:9.0.21]
	at org.apache.catalina.valves.ErrorReportValve.invoke(ErrorReportValve.java:92) [tomcat-embed-core-9.0.21.jar:9.0.21]
	at org.apache.catalina.core.StandardEngineValve.invoke(StandardEngineValve.java:74) [tomcat-embed-core-9.0.21.jar:9.0.21]
	at org.apache.catalina.connector.CoyoteAdapter.service(CoyoteAdapter.java:343) [tomcat-embed-core-9.0.21.jar:9.0.21]
	at org.apache.coyote.http11.Http11Processor.service(Http11Processor.java:408) [tomcat-embed-core-9.0.21.jar:9.0.21]
	at org.apache.coyote.AbstractProcessorLight.process(AbstractProcessorLight.java:66) [tomcat-embed-core-9.0.21.jar:9.0.21]
	at org.apache.coyote.AbstractProtocol$ConnectionHandler.process(AbstractProtocol.java:853) [tomcat-embed-core-9.0.21.jar:9.0.21]
	at org.apache.tomcat.util.net.NioEndpoint$SocketProcessor.doRun(NioEndpoint.java:1587) [tomcat-embed-core-9.0.21.jar:9.0.21]
	at org.apache.tomcat.util.net.SocketProcessorBase.run(SocketProcessorBase.java:49) [tomcat-embed-core-9.0.21.jar:9.0.21]
	at java.util.concurrent.ThreadPoolExecutor.runWorker(ThreadPoolExecutor.java:1149) [?:1.8.0_261]
	at java.util.concurrent.ThreadPoolExecutor$Worker.run(ThreadPoolExecutor.java:624) [?:1.8.0_261]
	at org.apache.tomcat.util.threads.TaskThread$WrappingRunnable.run(TaskThread.java:61) [tomcat-embed-core-9.0.21.jar:9.0.21]
	at java.lang.Thread.run(Thread.java:748) [?:1.8.0_261]
18:12:58.097 [main] INFO  com.bmw.seed.SeedApplication - Starting SeedApplication on LAPTOP-E6B2N0T6 with PID 15592 (E:\yuxc\xyz\bimowu-Study\tablemigration\target\classes started by yuxc in E:\yuxc\xyz\bimowu-Study)
18:12:58.103 [main] INFO  com.bmw.seed.SeedApplication - No active profile set, falling back to default profiles: default
18:12:59.026 [main] INFO  org.apache.coyote.http11.Http11NioProtocol - Initializing ProtocolHandler ["http-nio-80"]
18:12:59.039 [main] INFO  org.apache.catalina.core.StandardService - Starting service [Tomcat]
18:12:59.040 [main] INFO  org.apache.catalina.core.StandardEngine - Starting Servlet engine: [Apache Tomcat/9.0.21]
18:12:59.179 [main] INFO  org.apache.catalina.core.ContainerBase.[Tomcat].[localhost].[/] - Initializing Spring embedded WebApplicationContext
18:13:00.056 [main] INFO  org.apache.coyote.http11.Http11NioProtocol - Starting ProtocolHandler ["http-nio-80"]
18:13:00.073 [main] INFO  com.bmw.seed.SeedApplication - Started SeedApplication in 2.408 seconds (JVM running for 3.192)
18:13:07.944 [http-nio-80-exec-2] INFO  org.apache.catalina.core.ContainerBase.[Tomcat].[localhost].[/] - Initializing Spring DispatcherServlet 'dispatcherServlet'
18:13:08.099 [http-nio-80-exec-2] INFO  com.alibaba.druid.pool.DruidDataSource - {dataSource-1} inited
18:13:08.203 [http-nio-80-exec-2] INFO  com.bmw.seed.service.impl.UserInfoServiceImpl - [UserInfo{id=26, name='机器人26号', sex=1, phone='18698291156', create_time='2017-07-05 00:00:00'}, UserInfo{id=25, name='机器人25号', sex=2, phone='18698291155', create_time='2017-11-25 00:00:00'}, UserInfo{id=24, name='机器人24号', sex=1, phone='18698291154', create_time='2017-04-06 00:00:00'}, UserInfo{id=23, name='机器人23号', sex=2, phone='18698291153', create_time='2017-02-20 00:00:00'}, UserInfo{id=22, name='机器人22号', sex=1, phone='18698291152', create_time='2018-03-17 00:00:00'}, UserInfo{id=21, name='机器人21号', sex=2, phone='18698291151', create_time='2017-11-25 00:00:00'}, UserInfo{id=20, name='机器人20号', sex=1, phone='18698291150', create_time='2017-01-12 00:00:00'}, UserInfo{id=19, name='机器人19号', sex=2, phone='18698291149', create_time='2017-10-27 00:00:00'}, UserInfo{id=18, name='机器人18号', sex=1, phone='18698291148', create_time='2017-04-16 00:00:00'}]
18:15:39.566 [main] INFO  com.bmw.seed.SeedApplication - Starting SeedApplication on LAPTOP-E6B2N0T6 with PID 8472 (E:\yuxc\xyz\bimowu-Study\tablemigration\target\classes started by yuxc in E:\yuxc\xyz\bimowu-Study)
18:15:39.572 [main] INFO  com.bmw.seed.SeedApplication - No active profile set, falling back to default profiles: default
18:15:40.504 [main] INFO  org.apache.coyote.http11.Http11NioProtocol - Initializing ProtocolHandler ["http-nio-80"]
18:15:40.512 [main] INFO  org.apache.catalina.core.StandardService - Starting service [Tomcat]
18:15:40.512 [main] INFO  org.apache.catalina.core.StandardEngine - Starting Servlet engine: [Apache Tomcat/9.0.21]
18:15:40.603 [main] INFO  org.apache.catalina.core.ContainerBase.[Tomcat].[localhost].[/] - Initializing Spring embedded WebApplicationContext
18:15:41.384 [main] INFO  org.apache.coyote.http11.Http11NioProtocol - Starting ProtocolHandler ["http-nio-80"]
18:15:41.401 [main] INFO  com.bmw.seed.SeedApplication - Started SeedApplication in 2.273 seconds (JVM running for 3.127)
18:15:48.495 [http-nio-80-exec-1] INFO  org.apache.catalina.core.ContainerBase.[Tomcat].[localhost].[/] - Initializing Spring DispatcherServlet 'dispatcherServlet'
18:15:48.658 [http-nio-80-exec-1] INFO  com.alibaba.druid.pool.DruidDataSource - {dataSource-1} inited
18:15:48.761 [http-nio-80-exec-1] INFO  com.bmw.seed.service.impl.UserInfoServiceImpl - [UserInfo{id=26, name='机器人26号', sex=1, phone='18698291156', create_time='2017-07-05 00:00:00'}, UserInfo{id=25, name='机器人25号', sex=2, phone='18698291155', create_time='2017-11-25 00:00:00'}, UserInfo{id=24, name='机器人24号', sex=1, phone='18698291154', create_time='2017-04-06 00:00:00'}, UserInfo{id=23, name='机器人23号', sex=2, phone='18698291153', create_time='2017-02-20 00:00:00'}, UserInfo{id=22, name='机器人22号', sex=1, phone='18698291152', create_time='2018-03-17 00:00:00'}, UserInfo{id=21, name='机器人21号', sex=2, phone='18698291151', create_time='2017-11-25 00:00:00'}, UserInfo{id=20, name='机器人20号', sex=1, phone='18698291150', create_time='2017-01-12 00:00:00'}, UserInfo{id=19, name='机器人19号', sex=2, phone='18698291149', create_time='2017-10-27 00:00:00'}, UserInfo{id=18, name='机器人18号', sex=1, phone='18698291148', create_time='2017-04-16 00:00:00'}]
18:17:25.248 [main] INFO  com.bmw.seed.SeedApplication - Starting SeedApplication on LAPTOP-E6B2N0T6 with PID 22252 (E:\yuxc\xyz\bimowu-Study\tablemigration\target\classes started by yuxc in E:\yuxc\xyz\bimowu-Study)
18:17:25.255 [main] INFO  com.bmw.seed.SeedApplication - No active profile set, falling back to default profiles: default
18:17:26.170 [main] INFO  org.apache.coyote.http11.Http11NioProtocol - Initializing ProtocolHandler ["http-nio-80"]
18:17:26.177 [main] INFO  org.apache.catalina.core.StandardService - Starting service [Tomcat]
18:17:26.177 [main] INFO  org.apache.catalina.core.StandardEngine - Starting Servlet engine: [Apache Tomcat/9.0.21]
18:17:26.280 [main] INFO  org.apache.catalina.core.ContainerBase.[Tomcat].[localhost].[/] - Initializing Spring embedded WebApplicationContext
18:17:27.115 [main] INFO  org.apache.coyote.http11.Http11NioProtocol - Starting ProtocolHandler ["http-nio-80"]
18:17:27.132 [main] INFO  com.bmw.seed.SeedApplication - Started SeedApplication in 2.34 seconds (JVM running for 3.134)
18:17:35.058 [http-nio-80-exec-1] INFO  org.apache.catalina.core.ContainerBase.[Tomcat].[localhost].[/] - Initializing Spring DispatcherServlet 'dispatcherServlet'
18:17:35.209 [http-nio-80-exec-1] INFO  com.alibaba.druid.pool.DruidDataSource - {dataSource-1} inited
18:17:35.312 [http-nio-80-exec-1] INFO  com.bmw.seed.service.impl.UserInfoServiceImpl - [UserInfo{id=26, name='机器人26号', sex=1, phone='18698291156', create_time='2017-07-05 00:00:00'}, UserInfo{id=25, name='机器人25号', sex=2, phone='18698291155', create_time='2017-11-25 00:00:00'}, UserInfo{id=24, name='机器人24号', sex=1, phone='18698291154', create_time='2017-04-06 00:00:00'}, UserInfo{id=23, name='机器人23号', sex=2, phone='18698291153', create_time='2017-02-20 00:00:00'}, UserInfo{id=22, name='机器人22号', sex=1, phone='18698291152', create_time='2018-03-17 00:00:00'}, UserInfo{id=21, name='机器人21号', sex=2, phone='18698291151', create_time='2017-11-25 00:00:00'}, UserInfo{id=20, name='机器人20号', sex=1, phone='18698291150', create_time='2017-01-12 00:00:00'}, UserInfo{id=19, name='机器人19号', sex=2, phone='18698291149', create_time='2017-10-27 00:00:00'}, UserInfo{id=18, name='机器人18号', sex=1, phone='18698291148', create_time='2017-04-16 00:00:00'}]
18:18:40.881 [main] INFO  com.bmw.seed.SeedApplication - Starting SeedApplication on LAPTOP-E6B2N0T6 with PID 19172 (E:\yuxc\xyz\bimowu-Study\tablemigration\target\classes started by yuxc in E:\yuxc\xyz\bimowu-Study)
18:18:40.886 [main] INFO  com.bmw.seed.SeedApplication - No active profile set, falling back to default profiles: default
18:18:41.732 [main] INFO  org.apache.coyote.http11.Http11NioProtocol - Initializing ProtocolHandler ["http-nio-80"]
18:18:41.739 [main] INFO  org.apache.catalina.core.StandardService - Starting service [Tomcat]
18:18:41.740 [main] INFO  org.apache.catalina.core.StandardEngine - Starting Servlet engine: [Apache Tomcat/9.0.21]
18:18:41.831 [main] INFO  org.apache.catalina.core.ContainerBase.[Tomcat].[localhost].[/] - Initializing Spring embedded WebApplicationContext
18:18:42.648 [main] INFO  org.apache.coyote.http11.Http11NioProtocol - Starting ProtocolHandler ["http-nio-80"]
18:18:42.664 [main] INFO  com.bmw.seed.SeedApplication - Started SeedApplication in 2.21 seconds (JVM running for 3.021)
18:18:47.375 [http-nio-80-exec-5] INFO  org.apache.catalina.core.ContainerBase.[Tomcat].[localhost].[/] - Initializing Spring DispatcherServlet 'dispatcherServlet'
18:18:47.537 [http-nio-80-exec-5] INFO  com.alibaba.druid.pool.DruidDataSource - {dataSource-1} inited
18:18:47.647 [http-nio-80-exec-5] INFO  com.bmw.seed.service.impl.UserInfoServiceImpl - [UserInfo{id=26, name='机器人26号', sex=1, phone='18698291156', create_time='2017-07-05 00:00:00'}, UserInfo{id=25, name='机器人25号', sex=2, phone='18698291155', create_time='2017-11-25 00:00:00'}, UserInfo{id=24, name='机器人24号', sex=1, phone='18698291154', create_time='2017-04-06 00:00:00'}, UserInfo{id=23, name='机器人23号', sex=2, phone='18698291153', create_time='2017-02-20 00:00:00'}, UserInfo{id=22, name='机器人22号', sex=1, phone='18698291152', create_time='2018-03-17 00:00:00'}, UserInfo{id=21, name='机器人21号', sex=2, phone='18698291151', create_time='2017-11-25 00:00:00'}, UserInfo{id=20, name='机器人20号', sex=1, phone='18698291150', create_time='2017-01-12 00:00:00'}, UserInfo{id=19, name='机器人19号', sex=2, phone='18698291149', create_time='2017-10-27 00:00:00'}, UserInfo{id=18, name='机器人18号', sex=1, phone='18698291148', create_time='2017-04-16 00:00:00'}, UserInfo{id=17, name='机器人17号', sex=2, phone='18698291147', create_time='2017-03-18 00:00:00'}, UserInfo{id=16, name='机器人16号', sex=1, phone='18698291146', create_time='2017-04-03 00:00:00'}, UserInfo{id=15, name='机器人15号', sex=2, phone='18698291145', create_time='2017-05-09 00:00:00'}]
18:22:13.196 [main] INFO  com.bmw.seed.SeedApplication - Starting SeedApplication on LAPTOP-E6B2N0T6 with PID 24228 (E:\yuxc\xyz\bimowu-Study\tablemigration\target\classes started by yuxc in E:\yuxc\xyz\bimowu-Study)
18:22:13.201 [main] INFO  com.bmw.seed.SeedApplication - No active profile set, falling back to default profiles: default
18:22:14.112 [main] INFO  org.apache.coyote.http11.Http11NioProtocol - Initializing ProtocolHandler ["http-nio-80"]
18:22:14.119 [main] INFO  org.apache.catalina.core.StandardService - Starting service [Tomcat]
18:22:14.119 [main] INFO  org.apache.catalina.core.StandardEngine - Starting Servlet engine: [Apache Tomcat/9.0.21]
18:22:14.214 [main] INFO  org.apache.catalina.core.ContainerBase.[Tomcat].[localhost].[/] - Initializing Spring embedded WebApplicationContext
18:22:14.999 [main] INFO  org.apache.coyote.http11.Http11NioProtocol - Starting ProtocolHandler ["http-nio-80"]
18:22:15.016 [main] INFO  com.bmw.seed.SeedApplication - Started SeedApplication in 2.282 seconds (JVM running for 3.146)
18:22:23.167 [http-nio-80-exec-1] INFO  org.apache.catalina.core.ContainerBase.[Tomcat].[localhost].[/] - Initializing Spring DispatcherServlet 'dispatcherServlet'
18:22:23.318 [http-nio-80-exec-1] INFO  com.alibaba.druid.pool.DruidDataSource - {dataSource-1} inited
18:22:23.425 [http-nio-80-exec-1] INFO  com.bmw.seed.service.impl.UserInfoServiceImpl - [UserInfo{id=26, name='机器人26号', sex=1, phone='18698291156', create_time='2017-07-05 00:00:00'}, UserInfo{id=25, name='机器人25号', sex=2, phone='18698291155', create_time='2017-11-25 00:00:00'}, UserInfo{id=24, name='机器人24号', sex=1, phone='18698291154', create_time='2017-04-06 00:00:00'}, UserInfo{id=23, name='机器人23号', sex=2, phone='18698291153', create_time='2017-02-20 00:00:00'}, UserInfo{id=22, name='机器人22号', sex=1, phone='18698291152', create_time='2018-03-17 00:00:00'}, UserInfo{id=21, name='机器人21号', sex=2, phone='18698291151', create_time='2017-11-25 00:00:00'}, UserInfo{id=20, name='机器人20号', sex=1, phone='18698291150', create_time='2017-01-12 00:00:00'}, UserInfo{id=19, name='机器人19号', sex=2, phone='18698291149', create_time='2017-10-27 00:00:00'}, UserInfo{id=18, name='机器人18号', sex=1, phone='18698291148', create_time='2017-04-16 00:00:00'}, UserInfo{id=17, name='机器人17号', sex=2, phone='18698291147', create_time='2017-03-18 00:00:00'}, UserInfo{id=16, name='机器人16号', sex=1, phone='18698291146', create_time='2017-04-03 00:00:00'}, UserInfo{id=15, name='机器人15号', sex=2, phone='18698291145', create_time='2017-05-09 00:00:00'}]
18:27:08.671 [main] INFO  com.bmw.seed.SeedApplication - Starting SeedApplication on LAPTOP-E6B2N0T6 with PID 18540 (E:\yuxc\xyz\bimowu-Study\tablemigration\target\classes started by yuxc in E:\yuxc\xyz\bimowu-Study)
18:27:08.678 [main] INFO  com.bmw.seed.SeedApplication - No active profile set, falling back to default profiles: default
18:27:09.595 [main] INFO  org.apache.coyote.http11.Http11NioProtocol - Initializing ProtocolHandler ["http-nio-80"]
18:27:09.602 [main] INFO  org.apache.catalina.core.StandardService - Starting service [Tomcat]
18:27:09.602 [main] INFO  org.apache.catalina.core.StandardEngine - Starting Servlet engine: [Apache Tomcat/9.0.21]
18:27:09.694 [main] INFO  org.apache.catalina.core.ContainerBase.[Tomcat].[localhost].[/] - Initializing Spring embedded WebApplicationContext
18:27:10.524 [main] INFO  org.apache.coyote.http11.Http11NioProtocol - Starting ProtocolHandler ["http-nio-80"]
18:27:10.540 [main] INFO  com.bmw.seed.SeedApplication - Started SeedApplication in 2.32 seconds (JVM running for 3.069)
18:27:22.244 [http-nio-80-exec-4] INFO  org.apache.catalina.core.ContainerBase.[Tomcat].[localhost].[/] - Initializing Spring DispatcherServlet 'dispatcherServlet'
18:27:22.393 [http-nio-80-exec-4] INFO  com.alibaba.druid.pool.DruidDataSource - {dataSource-1} inited
18:29:02.661 [main] INFO  com.bmw.seed.SeedApplication - Starting SeedApplication on LAPTOP-E6B2N0T6 with PID 21108 (E:\yuxc\xyz\bimowu-Study\tablemigration\target\classes started by yuxc in E:\yuxc\xyz\bimowu-Study)
18:29:02.666 [main] INFO  com.bmw.seed.SeedApplication - No active profile set, falling back to default profiles: default
18:29:03.509 [main] INFO  org.apache.coyote.http11.Http11NioProtocol - Initializing ProtocolHandler ["http-nio-80"]
18:29:03.515 [main] INFO  org.apache.catalina.core.StandardService - Starting service [Tomcat]
18:29:03.516 [main] INFO  org.apache.catalina.core.StandardEngine - Starting Servlet engine: [Apache Tomcat/9.0.21]
18:29:03.608 [main] INFO  org.apache.catalina.core.ContainerBase.[Tomcat].[localhost].[/] - Initializing Spring embedded WebApplicationContext
18:29:04.389 [main] INFO  org.apache.coyote.http11.Http11NioProtocol - Starting ProtocolHandler ["http-nio-80"]
18:29:04.406 [main] INFO  com.bmw.seed.SeedApplication - Started SeedApplication in 2.165 seconds (JVM running for 2.947)
18:29:24.484 [http-nio-80-exec-2] INFO  org.apache.catalina.core.ContainerBase.[Tomcat].[localhost].[/] - Initializing Spring DispatcherServlet 'dispatcherServlet'
18:29:24.635 [http-nio-80-exec-2] INFO  com.alibaba.druid.pool.DruidDataSource - {dataSource-1} inited
18:49:32.148 [main] INFO  com.bmw.seed.SeedApplication - Starting SeedApplication on LAPTOP-E6B2N0T6 with PID 20808 (E:\yuxc\xyz\bimowu-Study\tablemigration\target\classes started by yuxc in E:\yuxc\xyz\bimowu-Study)
18:49:32.153 [main] INFO  com.bmw.seed.SeedApplication - No active profile set, falling back to default profiles: default
18:49:33.068 [main] INFO  org.apache.coyote.http11.Http11NioProtocol - Initializing ProtocolHandler ["http-nio-80"]
18:49:33.075 [main] INFO  org.apache.catalina.core.StandardService - Starting service [Tomcat]
18:49:33.075 [main] INFO  org.apache.catalina.core.StandardEngine - Starting Servlet engine: [Apache Tomcat/9.0.21]
18:49:33.160 [main] INFO  org.apache.catalina.core.ContainerBase.[Tomcat].[localhost].[/] - Initializing Spring embedded WebApplicationContext
18:49:34.016 [main] INFO  org.apache.coyote.http11.Http11NioProtocol - Starting ProtocolHandler ["http-nio-80"]
18:49:34.033 [main] INFO  com.bmw.seed.SeedApplication - Started SeedApplication in 2.321 seconds (JVM running for 3.096)
18:49:39.552 [http-nio-80-exec-2] INFO  org.apache.catalina.core.ContainerBase.[Tomcat].[localhost].[/] - Initializing Spring DispatcherServlet 'dispatcherServlet'
18:49:39.697 [http-nio-80-exec-2] INFO  com.alibaba.druid.pool.DruidDataSource - {dataSource-1} inited
18:51:22.549 [main] INFO  com.bmw.seed.SeedApplication - Starting SeedApplication on LAPTOP-E6B2N0T6 with PID 23344 (E:\yuxc\xyz\bimowu-Study\tablemigration\target\classes started by yuxc in E:\yuxc\xyz\bimowu-Study)
18:51:22.556 [main] INFO  com.bmw.seed.SeedApplication - No active profile set, falling back to default profiles: default
18:51:23.506 [main] INFO  org.apache.coyote.http11.Http11NioProtocol - Initializing ProtocolHandler ["http-nio-80"]
18:51:23.514 [main] INFO  org.apache.catalina.core.StandardService - Starting service [Tomcat]
18:51:23.514 [main] INFO  org.apache.catalina.core.StandardEngine - Starting Servlet engine: [Apache Tomcat/9.0.21]
18:51:23.617 [main] INFO  org.apache.catalina.core.ContainerBase.[Tomcat].[localhost].[/] - Initializing Spring embedded WebApplicationContext
18:51:24.478 [main] INFO  org.apache.coyote.http11.Http11NioProtocol - Starting ProtocolHandler ["http-nio-80"]
18:51:24.494 [main] INFO  com.bmw.seed.SeedApplication - Started SeedApplication in 2.373 seconds (JVM running for 3.186)
18:51:36.453 [http-nio-80-exec-4] INFO  org.apache.catalina.core.ContainerBase.[Tomcat].[localhost].[/] - Initializing Spring DispatcherServlet 'dispatcherServlet'
18:51:36.605 [http-nio-80-exec-4] INFO  com.alibaba.druid.pool.DruidDataSource - {dataSource-1} inited
18:53:32.739 [main] INFO  com.bmw.seed.SeedApplication - Starting SeedApplication on LAPTOP-E6B2N0T6 with PID 4328 (E:\yuxc\xyz\bimowu-Study\tablemigration\target\classes started by yuxc in E:\yuxc\xyz\bimowu-Study)
18:53:32.745 [main] INFO  com.bmw.seed.SeedApplication - No active profile set, falling back to default profiles: default
18:53:33.650 [main] INFO  org.apache.coyote.http11.Http11NioProtocol - Initializing ProtocolHandler ["http-nio-80"]
18:53:33.659 [main] INFO  org.apache.catalina.core.StandardService - Starting service [Tomcat]
18:53:33.659 [main] INFO  org.apache.catalina.core.StandardEngine - Starting Servlet engine: [Apache Tomcat/9.0.21]
18:53:33.753 [main] INFO  org.apache.catalina.core.ContainerBase.[Tomcat].[localhost].[/] - Initializing Spring embedded WebApplicationContext
18:53:34.541 [main] INFO  org.apache.coyote.http11.Http11NioProtocol - Starting ProtocolHandler ["http-nio-80"]
18:53:34.557 [main] INFO  com.bmw.seed.SeedApplication - Started SeedApplication in 2.227 seconds (JVM running for 2.988)
18:53:39.696 [http-nio-80-exec-2] INFO  org.apache.catalina.core.ContainerBase.[Tomcat].[localhost].[/] - Initializing Spring DispatcherServlet 'dispatcherServlet'
18:53:39.843 [http-nio-80-exec-2] INFO  com.alibaba.druid.pool.DruidDataSource - {dataSource-1} inited
18:54:27.286 [main] INFO  com.bmw.seed.SeedApplication - Starting SeedApplication on LAPTOP-E6B2N0T6 with PID 16796 (E:\yuxc\xyz\bimowu-Study\tablemigration\target\classes started by yuxc in E:\yuxc\xyz\bimowu-Study)
18:54:27.292 [main] INFO  com.bmw.seed.SeedApplication - No active profile set, falling back to default profiles: default
18:54:28.162 [main] INFO  org.apache.coyote.http11.Http11NioProtocol - Initializing ProtocolHandler ["http-nio-80"]
18:54:28.171 [main] INFO  org.apache.catalina.core.StandardService - Starting service [Tomcat]
18:54:28.172 [main] INFO  org.apache.catalina.core.StandardEngine - Starting Servlet engine: [Apache Tomcat/9.0.21]
18:54:28.284 [main] INFO  org.apache.catalina.core.ContainerBase.[Tomcat].[localhost].[/] - Initializing Spring embedded WebApplicationContext
18:54:29.163 [main] INFO  org.apache.coyote.http11.Http11NioProtocol - Starting ProtocolHandler ["http-nio-80"]
18:54:29.181 [main] INFO  com.bmw.seed.SeedApplication - Started SeedApplication in 2.338 seconds (JVM running for 3.182)
18:54:37.227 [http-nio-80-exec-2] INFO  org.apache.catalina.core.ContainerBase.[Tomcat].[localhost].[/] - Initializing Spring DispatcherServlet 'dispatcherServlet'
18:54:37.375 [http-nio-80-exec-2] INFO  com.alibaba.druid.pool.DruidDataSource - {dataSource-1} inited
18:59:54.702 [main] INFO  com.bmw.seed.SeedApplication - Starting SeedApplication on LAPTOP-E6B2N0T6 with PID 21060 (E:\yuxc\xyz\bimowu-Study\tablemigration\target\classes started by yuxc in E:\yuxc\xyz\bimowu-Study)
18:59:54.707 [main] INFO  com.bmw.seed.SeedApplication - No active profile set, falling back to default profiles: default
18:59:55.601 [main] INFO  org.apache.coyote.http11.Http11NioProtocol - Initializing ProtocolHandler ["http-nio-80"]
18:59:55.607 [main] INFO  org.apache.catalina.core.StandardService - Starting service [Tomcat]
18:59:55.607 [main] INFO  org.apache.catalina.core.StandardEngine - Starting Servlet engine: [Apache Tomcat/9.0.21]
18:59:55.701 [main] INFO  org.apache.catalina.core.ContainerBase.[Tomcat].[localhost].[/] - Initializing Spring embedded WebApplicationContext
18:59:56.513 [main] INFO  org.apache.coyote.http11.Http11NioProtocol - Starting ProtocolHandler ["http-nio-80"]
18:59:56.529 [main] INFO  com.bmw.seed.SeedApplication - Started SeedApplication in 2.261 seconds (JVM running for 3.13)
19:01:56.366 [main] INFO  com.bmw.seed.SeedApplication - Starting SeedApplication on LAPTOP-E6B2N0T6 with PID 11036 (E:\yuxc\xyz\bimowu-Study\tablemigration\target\classes started by yuxc in E:\yuxc\xyz\bimowu-Study)
19:01:56.371 [main] INFO  com.bmw.seed.SeedApplication - No active profile set, falling back to default profiles: default
19:01:57.278 [main] INFO  org.apache.coyote.http11.Http11NioProtocol - Initializing ProtocolHandler ["http-nio-80"]
19:01:57.285 [main] INFO  org.apache.catalina.core.StandardService - Starting service [Tomcat]
19:01:57.285 [main] INFO  org.apache.catalina.core.StandardEngine - Starting Servlet engine: [Apache Tomcat/9.0.21]
19:01:57.381 [main] INFO  org.apache.catalina.core.ContainerBase.[Tomcat].[localhost].[/] - Initializing Spring embedded WebApplicationContext
19:01:58.259 [main] INFO  org.apache.coyote.http11.Http11NioProtocol - Starting ProtocolHandler ["http-nio-80"]
19:01:58.277 [main] INFO  com.bmw.seed.SeedApplication - Started SeedApplication in 2.356 seconds (JVM running for 3.147)
19:02:03.313 [http-nio-80-exec-5] INFO  org.apache.catalina.core.ContainerBase.[Tomcat].[localhost].[/] - Initializing Spring DispatcherServlet 'dispatcherServlet'
19:02:03.481 [http-nio-80-exec-5] INFO  com.alibaba.druid.pool.DruidDataSource - {dataSource-1} inited
19:12:05.402 [main] INFO  com.bmw.seed.SeedApplication - Starting SeedApplication on LAPTOP-E6B2N0T6 with PID 18732 (E:\yuxc\xyz\bimowu-Study\tablemigration\target\classes started by yuxc in E:\yuxc\xyz\bimowu-Study)
19:12:05.408 [main] INFO  com.bmw.seed.SeedApplication - No active profile set, falling back to default profiles: default
19:12:06.380 [main] INFO  org.apache.coyote.http11.Http11NioProtocol - Initializing ProtocolHandler ["http-nio-80"]
19:12:06.388 [main] INFO  org.apache.catalina.core.StandardService - Starting service [Tomcat]
19:12:06.388 [main] INFO  org.apache.catalina.core.StandardEngine - Starting Servlet engine: [Apache Tomcat/9.0.21]
19:12:06.494 [main] INFO  org.apache.catalina.core.ContainerBase.[Tomcat].[localhost].[/] - Initializing Spring embedded WebApplicationContext
19:12:07.359 [main] INFO  org.apache.coyote.http11.Http11NioProtocol - Starting ProtocolHandler ["http-nio-80"]
19:12:07.375 [main] INFO  com.bmw.seed.SeedApplication - Started SeedApplication in 2.458 seconds (JVM running for 3.309)
19:12:16.336 [http-nio-80-exec-8] INFO  org.apache.catalina.core.ContainerBase.[Tomcat].[localhost].[/] - Initializing Spring DispatcherServlet 'dispatcherServlet'
19:12:16.494 [http-nio-80-exec-8] INFO  com.alibaba.druid.pool.DruidDataSource - {dataSource-1} inited
19:28:39.462 [main] INFO  com.bmw.seed.SeedApplication - Starting SeedApplication on LAPTOP-E6B2N0T6 with PID 17096 (E:\yuxc\xyz\bimowu-Study\bimowu\target\classes started by yuxc in E:\yuxc\xyz\bimowu-Study)
19:28:39.468 [main] INFO  com.bmw.seed.SeedApplication - No active profile set, falling back to default profiles: default
19:28:40.383 [main] INFO  org.apache.coyote.http11.Http11NioProtocol - Initializing ProtocolHandler ["http-nio-80"]
19:28:40.390 [main] INFO  org.apache.catalina.core.StandardService - Starting service [Tomcat]
19:28:40.391 [main] INFO  org.apache.catalina.core.StandardEngine - Starting Servlet engine: [Apache Tomcat/9.0.21]
19:28:40.478 [main] INFO  org.apache.catalina.core.ContainerBase.[Tomcat].[localhost].[/] - Initializing Spring embedded WebApplicationContext
19:28:41.314 [main] INFO  org.apache.coyote.http11.Http11NioProtocol - Starting ProtocolHandler ["http-nio-80"]
19:28:41.330 [main] INFO  com.bmw.seed.SeedApplication - Started SeedApplication in 2.282 seconds (JVM running for 3.083)
19:58:01.315 [main] INFO  com.bmw.seed.SeedApplication - Starting SeedApplication on LAPTOP-E6B2N0T6 with PID 12860 (E:\yuxc\xyz\bimowu-Study\bimowu\target\classes started by yuxc in E:\yuxc\xyz\bimowu-Study)
19:58:01.321 [main] INFO  com.bmw.seed.SeedApplication - No active profile set, falling back to default profiles: default
19:58:02.251 [main] INFO  org.apache.coyote.http11.Http11NioProtocol - Initializing ProtocolHandler ["http-nio-80"]
19:58:02.258 [main] INFO  org.apache.catalina.core.StandardService - Starting service [Tomcat]
19:58:02.259 [main] INFO  org.apache.catalina.core.StandardEngine - Starting Servlet engine: [Apache Tomcat/9.0.21]
19:58:02.355 [main] INFO  org.apache.catalina.core.ContainerBase.[Tomcat].[localhost].[/] - Initializing Spring embedded WebApplicationContext
19:58:03.227 [main] INFO  org.apache.coyote.http11.Http11NioProtocol - Starting ProtocolHandler ["http-nio-80"]
19:58:03.244 [main] INFO  com.bmw.seed.SeedApplication - Started SeedApplication in 2.429 seconds (JVM running for 3.256)
19:59:23.295 [http-nio-80-exec-1] INFO  org.apache.catalina.core.ContainerBase.[Tomcat].[localhost].[/] - Initializing Spring DispatcherServlet 'dispatcherServlet'
19:59:23.432 [http-nio-80-exec-1] INFO  com.alibaba.druid.pool.DruidDataSource - {dataSource-1} inited
